<?xml version="1.0" encoding="UTF-8"?>
<testsuite name="com.prodevans.DevOpsAssessmentTool.service.CheckEmail" tests="1" skipped="0" failures="0" errors="0" timestamp="2018-11-29T12:18:10" hostname="Rajanigandhas-MacBook-Air.local" time="0.581">
  <properties/>
  <testcase name="verifyEmail" classname="com.prodevans.DevOpsAssessmentTool.service.CheckEmail" time="0.581"/>
  <system-out><![CDATA[17:47:56.792 [Test worker] DEBUG org.springframework.test.context.junit4.SpringJUnit4ClassRunner - SpringJUnit4ClassRunner constructor called with [class com.prodevans.DevOpsAssessmentTool.service.CheckEmail]
17:47:56.803 [Test worker] DEBUG org.springframework.test.context.BootstrapUtils - Instantiating CacheAwareContextLoaderDelegate from class [org.springframework.test.context.cache.DefaultCacheAwareContextLoaderDelegate]
17:47:56.815 [Test worker] DEBUG org.springframework.test.context.BootstrapUtils - Instantiating BootstrapContext using constructor [public org.springframework.test.context.support.DefaultBootstrapContext(java.lang.Class,org.springframework.test.context.CacheAwareContextLoaderDelegate)]
17:47:56.841 [Test worker] DEBUG org.springframework.test.context.BootstrapUtils - Instantiating TestContextBootstrapper for test class [com.prodevans.DevOpsAssessmentTool.service.CheckEmail] from class [org.springframework.boot.test.context.SpringBootTestContextBootstrapper]
17:47:56.874 [Test worker] INFO org.springframework.boot.test.context.SpringBootTestContextBootstrapper - Neither @ContextConfiguration nor @ContextHierarchy found for test class [com.prodevans.DevOpsAssessmentTool.service.CheckEmail], using SpringBootContextLoader
17:47:56.879 [Test worker] DEBUG org.springframework.test.context.support.AbstractContextLoader - Did not detect default resource location for test class [com.prodevans.DevOpsAssessmentTool.service.CheckEmail]: class path resource [com/prodevans/DevOpsAssessmentTool/service/CheckEmail-context.xml] does not exist
17:47:56.880 [Test worker] DEBUG org.springframework.test.context.support.AbstractContextLoader - Did not detect default resource location for test class [com.prodevans.DevOpsAssessmentTool.service.CheckEmail]: class path resource [com/prodevans/DevOpsAssessmentTool/service/CheckEmailContext.groovy] does not exist
17:47:56.880 [Test worker] INFO org.springframework.test.context.support.AbstractContextLoader - Could not detect default resource locations for test class [com.prodevans.DevOpsAssessmentTool.service.CheckEmail]: no resource found for suffixes {-context.xml, Context.groovy}.
17:47:56.883 [Test worker] INFO org.springframework.test.context.support.AnnotationConfigContextLoaderUtils - Could not detect default configuration classes for test class [com.prodevans.DevOpsAssessmentTool.service.CheckEmail]: CheckEmail does not declare any static, non-private, non-final, nested classes annotated with @Configuration.
17:47:56.964 [Test worker] DEBUG org.springframework.test.context.support.ActiveProfilesUtils - Could not find an 'annotation declaring class' for annotation type [org.springframework.test.context.ActiveProfiles] and class [com.prodevans.DevOpsAssessmentTool.service.CheckEmail]
17:47:56.977 [Test worker] DEBUG org.springframework.core.env.StandardEnvironment - Adding PropertySource 'systemProperties' with lowest search precedence
17:47:56.977 [Test worker] DEBUG org.springframework.core.env.StandardEnvironment - Adding PropertySource 'systemEnvironment' with lowest search precedence
17:47:56.978 [Test worker] DEBUG org.springframework.core.env.StandardEnvironment - Initialized StandardEnvironment with PropertySources [MapPropertySource@819640782 {name='systemProperties', properties={java.runtime.name=Java(TM) SE Runtime Environment, sun.boot.library.path=/Library/Java/JavaVirtualMachines/jdk1.8.0_131.jdk/Contents/Home/jre/lib, java.vm.version=25.131-b11, gopherProxySet=false, java.vm.vendor=Oracle Corporation, java.vendor.url=http://java.oracle.com/, path.separator=:, java.vm.name=Java HotSpot(TM) 64-Bit Server VM, file.encoding.pkg=sun.io, sun.java.launcher=SUN_STANDARD, user.country=US, sun.os.patch.level=unknown, java.vm.specification.name=Java Virtual Machine Specification, user.dir=/Users/rajanigandhakhot/Desktop/devops_assessment_tool, java.runtime.version=1.8.0_131-b11, java.awt.graphicsenv=sun.awt.CGraphicsEnvironment, java.endorsed.dirs=/Library/Java/JavaVirtualMachines/jdk1.8.0_131.jdk/Contents/Home/jre/lib/endorsed, os.arch=x86_64, java.io.tmpdir=/var/folders/rd/zmtr0yj50n70rllx13798ftr0000gn/T/, line.separator=
, java.vm.specification.vendor=Oracle Corporation, user.variant=, os.name=Mac OS X, sun.jnu.encoding=UTF-8, java.library.path=/Users/rajanigandhakhot/Library/Java/Extensions:/Library/Java/Extensions:/Network/Library/Java/Extensions:/System/Library/Java/Extensions:/usr/lib/java:., java.specification.name=Java Platform API Specification, java.class.version=52.0, org.gradle.native=false, sun.management.compiler=HotSpot 64-Bit Tiered Compilers, os.version=10.12.6, http.nonProxyHosts=local|*.local|169.254/16|*.169.254/16, user.home=/Users/rajanigandhakhot, user.timezone=Asia/Kolkata, java.awt.printerjob=sun.lwawt.macosx.CPrinterJob, file.encoding=UTF-8, java.specification.version=1.8, java.class.path=/Users/rajanigandhakhot/Desktop/devops_assessment_tool/build/classes/java/test:/Users/rajanigandhakhot/Desktop/devops_assessment_tool/build/resources/test:/Users/rajanigandhakhot/Desktop/devops_assessment_tool/build/classes/java/main:/Users/rajanigandhakhot/Desktop/devops_assessment_tool/build/resources/main:/Users/rajanigandhakhot/.gradle/caches/modules-2/files-2.1/org.springframework.boot/spring-boot-starter-data-jpa/2.0.3.RELEASE/56c909f49b5385793942158e143187ecc8c7b54a/spring-boot-starter-data-jpa-2.0.3.RELEASE.jar:/Users/rajanigandhakhot/.gradle/caches/modules-2/files-2.1/org.springframework.boot/spring-boot-starter-thymeleaf/2.0.3.RELEASE/7a8cf11f5b7faa244e1979df491811bc0c858743/spring-boot-starter-thymeleaf-2.0.3.RELEASE.jar:/Users/rajanigandhakhot/.gradle/caches/modules-2/files-2.1/org.springframework.boot/spring-boot-starter-hateoas/2.0.3.RELEASE/6d811b5b109640fa5c596fe4e90a6ca560e380ac/spring-boot-starter-hateoas-2.0.3.RELEASE.jar:/Users/rajanigandhakhot/.gradle/caches/modules-2/files-2.1/org.springframework.boot/spring-boot-starter-web/2.0.3.RELEASE/41fd4180bea3813de8f3c602b5a126218360315b/spring-boot-starter-web-2.0.3.RELEASE.jar:/Users/rajanigandhakhot/.gradle/caches/modules-2/files-2.1/org.springframework.boot/spring-boot-starter-security/2.0.3.RELEASE/67de3ced1ebc68c7bbd9bc2ced390821fa682c2f/spring-boot-starter-security-2.0.3.RELEASE.jar:/Users/rajanigandhakhot/.gradle/caches/modules-2/files-2.1/io.springfox/springfox-swagger2/2.4.0/c6919bdec913eb5e8204a7757cf86f34201f6aac/springfox-swagger2-2.4.0.jar:/Users/rajanigandhakhot/.gradle/caches/modules-2/files-2.1/io.springfox/springfox-swagger-ui/2.4.0/1205fbe70fbbcf6c87b3059a45772e56d8ce6615/springfox-swagger-ui-2.4.0.jar:/Users/rajanigandhakhot/.gradle/caches/modules-2/files-2.1/javax.xml.bind/jaxb-api/2.3.0/99f802e0cb3e953ba3d6e698795c4aeb98d37c48/jaxb-api-2.3.0.jar:/Users/rajanigandhakhot/.gradle/caches/modules-2/files-2.1/org.springframework.boot/spring-boot-starter-mail/1.5.17.RELEASE/c601b6bfc1a0242a9c2225ff8dff0a510319fd87/spring-boot-starter-mail-1.5.17.RELEASE.jar:/Users/rajanigandhakhot/.gradle/caches/modules-2/files-2.1/org.springframework.security/spring-security-crypto/5.0.6.RELEASE/4e22e00672ace9e160ff1e884d0b7c9605fbef8d/spring-security-crypto-5.0.6.RELEASE.jar:/Users/rajanigandhakhot/.gradle/caches/modules-2/files-2.1/org.json/json/20150729/7ad48f520e9f94787fdbf2beb9916c76971bdcb0/json-20150729.jar:/Users/rajanigandhakhot/.gradle/caches/modules-2/files-2.1/org.springframework.boot/spring-boot-starter-tomcat/2.0.3.RELEASE/25a51a75bfb997b7b95d6760178ee3303863ec4b/spring-boot-starter-tomcat-2.0.3.RELEASE.jar:/Users/rajanigandhakhot/.gradle/caches/modules-2/files-2.1/org.springframework.boot/spring-boot-devtools/2.0.3.RELEASE/478e12e423b45d182a409f12a28fb9f0cddf84bf/spring-boot-devtools-2.0.3.RELEASE.jar:/Users/rajanigandhakhot/.gradle/caches/modules-2/files-2.1/mysql/mysql-connector-java/5.1.46/9a3e63b387e376364211e96827bc27db8d7a92e9/mysql-connector-java-5.1.46.jar:/Users/rajanigandhakhot/.gradle/caches/modules-2/files-2.1/org.springframework.boot/spring-boot-starter-test/2.0.3.RELEASE/1c624b1cc217bac010abce7a28df8169af4a7fa0/spring-boot-starter-test-2.0.3.RELEASE.jar:/Users/rajanigandhakhot/.gradle/caches/modules-2/files-2.1/org.testng/testng/6.14.3/d24515dc253e77e54b73df97e1fb2eb7faf34fdd/testng-6.14.3.jar:/Users/rajanigandhakhot/.gradle/caches/modules-2/files-2.1/org.springframework.boot/spring-boot-starter-aop/2.0.3.RELEASE/a78c7bc25fd51b217f078421dc40d13ddc3b9f8f/spring-boot-starter-aop-2.0.3.RELEASE.jar:/Users/rajanigandhakhot/.gradle/caches/modules-2/files-2.1/org.springframework.boot/spring-boot-starter-jdbc/2.0.3.RELEASE/4f5f3411692a0f5efb60f7f583bdfcf49199a3d4/spring-boot-starter-jdbc-2.0.3.RELEASE.jar:/Users/rajanigandhakhot/.gradle/caches/modules-2/files-2.1/org.springframework.boot/spring-boot-starter-json/2.0.3.RELEASE/2e389a8727588c549c28bb277f0f573f65554850/spring-boot-starter-json-2.0.3.RELEASE.jar:/Users/rajanigandhakhot/.gradle/caches/modules-2/files-2.1/org.springframework.boot/spring-boot-starter/2.0.3.RELEASE/ffaa050dbd36b0441645598f1a7ddaf67fd5e678/spring-boot-starter-2.0.3.RELEASE.jar:/Users/rajanigandhakhot/.gradle/caches/modules-2/files-2.1/org.hibernate/hibernate-core/5.2.17.Final/f2dc36470e7a2ffcf6106bb1625ecf5b54bb5f65/hibernate-core-5.2.17.Final.jar:/Users/rajanigandhakhot/.gradle/caches/modules-2/files-2.1/javax.transaction/javax.transaction-api/1.2/d81aff979d603edd90dcd8db2abc1f4ce6479e3e/javax.transaction-api-1.2.jar:/Users/rajanigandhakhot/.gradle/caches/modules-2/files-2.1/org.springframework.data/spring-data-jpa/2.0.8.RELEASE/8b874afd15da2b4d2d9b8431ad2be0c6829e41fe/spring-data-jpa-2.0.8.RELEASE.jar:/Users/rajanigandhakhot/.gradle/caches/modules-2/files-2.1/org.springframework/spring-aspects/5.0.7.RELEASE/afd3f7ecb9d7c2cb3160563f9f64b72223bb0265/spring-aspects-5.0.7.RELEASE.jar:/Users/rajanigandhakhot/.gradle/caches/modules-2/files-2.1/org.thymeleaf/thymeleaf-spring5/3.0.9.RELEASE/abf84efd83808a70d982d2790f7f3a7bd3a39cf4/thymeleaf-spring5-3.0.9.RELEASE.jar:/Users/rajanigandhakhot/.gradle/caches/modules-2/files-2.1/org.thymeleaf.extras/thymeleaf-extras-java8time/3.0.1.RELEASE/d23760d1e53cd70c489ef40dc94ee6bd2371cceb/thymeleaf-extras-java8time-3.0.1.RELEASE.jar:/Users/rajanigandhakhot/.gradle/caches/modules-2/files-2.1/org.hibernate.validator/hibernate-validator/6.0.10.Final/4236051a8d209c00f85e70918d5e26d9f3e5201e/hibernate-validator-6.0.10.Final.jar:/Users/rajanigandhakhot/.gradle/caches/modules-2/files-2.1/org.springframework.hateoas/spring-hateoas/0.24.0.RELEASE/b6401a781a58e0b2ab95242a553683e04300fe69/spring-hateoas-0.24.0.RELEASE.jar:/Users/rajanigandhakhot/.gradle/caches/modules-2/files-2.1/org.springframework/spring-webmvc/5.0.7.RELEASE/751c871527ec7ff335ffc76f2e737e297c0a8d30/spring-webmvc-5.0.7.RELEASE.jar:/Users/rajanigandhakhot/.gradle/caches/modules-2/files-2.1/org.springframework.security/spring-security-web/5.0.6.RELEASE/f502d929ee62f5dce0fc942f5a22faa52eaaac34/spring-security-web-5.0.6.RELEASE.jar:/Users/rajanigandhakhot/.gradle/caches/modules-2/files-2.1/org.springframework/spring-web/5.0.7.RELEASE/2e04c6c2922fbfa06b5948be14a5782db168b6ec/spring-web-5.0.7.RELEASE.jar:/Users/rajanigandhakhot/.gradle/caches/modules-2/files-2.1/io.springfox/springfox-swagger-common/2.4.0/8fe40ed5b97575890c82a04511e57f4c089c9a7b/springfox-swagger-common-2.4.0.jar:/Users/rajanigandhakhot/.gradle/caches/modules-2/files-2.1/io.springfox/springfox-spring-web/2.4.0/3cbfea59cc9eec05f278e68d1cbf85de98bab563/springfox-spring-web-2.4.0.jar:/Users/rajanigandhakhot/.gradle/caches/modules-2/files-2.1/io.springfox/springfox-schema/2.4.0/5ccdc3f47cf6b888bcf8fd2c127a9dc7b68057d7/springfox-schema-2.4.0.jar:/Users/rajanigandhakhot/.gradle/caches/modules-2/files-2.1/io.springfox/springfox-spi/2.4.0/c822599f794e24f3b9350cde430e848d80032306/springfox-spi-2.4.0.jar:/Users/rajanigandhakhot/.gradle/caches/modules-2/files-2.1/io.springfox/springfox-core/2.4.0/e11854b8ede27b6eafa56c29e08e6a0e7ac4c278/springfox-core-2.4.0.jar:/Users/rajanigandhakhot/.gradle/caches/modules-2/files-2.1/org.springframework.plugin/spring-plugin-metadata/1.2.0.RELEASE/97223fc496b6cab31602eedbd4202aa4fff0d44f/spring-plugin-metadata-1.2.0.RELEASE.jar:/Users/rajanigandhakhot/.gradle/caches/modules-2/files-2.1/org.springframework.plugin/spring-plugin-core/1.2.0.RELEASE/f380e7760032e7d929184f8ad8a33716b75c0657/spring-plugin-core-1.2.0.RELEASE.jar:/Users/rajanigandhakhot/.gradle/caches/modules-2/files-2.1/org.springframework.security/spring-security-config/5.0.6.RELEASE/60367d94d253c82781b7f9abf2294cd0295e1c1/spring-security-config-5.0.6.RELEASE.jar:/Users/rajanigandhakhot/.gradle/caches/modules-2/files-2.1/org.springframework.security/spring-security-core/5.0.6.RELEASE/11c0291cc9cda839b7feb52c519f4a35dc6e251b/spring-security-core-5.0.6.RELEASE.jar:/Users/rajanigandhakhot/.gradle/caches/modules-2/files-2.1/org.springframework/spring-context-support/5.0.7.RELEASE/e8ee4902d9d8bfbb21bc5e8f30cfbb4324adb4f3/spring-context-support-5.0.7.RELEASE.jar:/Users/rajanigandhakhot/.gradle/caches/modules-2/files-2.1/org.springframework.boot/spring-boot-test-autoconfigure/2.0.3.RELEASE/54e7d2167f2b926bf16a0ef8b91b6bfbd43826e7/spring-boot-test-autoconfigure-2.0.3.RELEASE.jar:/Users/rajanigandhakhot/.gradle/caches/modules-2/files-2.1/org.springframework.boot/spring-boot-autoconfigure/2.0.3.RELEASE/11bc4cc96b08fabad2b3186755818fa0b32d83f/spring-boot-autoconfigure-2.0.3.RELEASE.jar:/Users/rajanigandhakhot/.gradle/caches/modules-2/files-2.1/org.springframework.boot/spring-boot-test/2.0.3.RELEASE/5c9b4bb6cfce9ef6e53a0ff5fc4a7ff2867871d8/spring-boot-test-2.0.3.RELEASE.jar:/Users/rajanigandhakhot/.gradle/caches/modules-2/files-2.1/org.springframework.boot/spring-boot/2.0.3.RELEASE/b874870d915adbc3dd932e19077d3d45c8e54aa0/spring-boot-2.0.3.RELEASE.jar:/Users/rajanigandhakhot/.gradle/caches/modules-2/files-2.1/org.springframework/spring-context/5.0.7.RELEASE/243a23f8968de8754d8199d669780d683ab177bd/spring-context-5.0.7.RELEASE.jar:/Users/rajanigandhakhot/.gradle/caches/modules-2/files-2.1/org.springframework/spring-aop/5.0.7.RELEASE/fdd0b6aa3c9c7a188c3bfbf6dfd8d40e843be9ef/spring-aop-5.0.7.RELEASE.jar:/Users/rajanigandhakhot/.gradle/caches/modules-2/files-2.1/io.swagger/swagger-models/1.5.6/e5c36321b8bbd1e4f10858b5ceededdeeb4844e1/swagger-models-1.5.6.jar:/Users/rajanigandhakhot/.gradle/caches/modules-2/files-2.1/io.swagger/swagger-annotations/1.5.6/feb5c3bbf4d4c16b24bcccef23d234451e95abf3/swagger-annotations-1.5.6.jar:/Users/rajanigandhakhot/.gradle/caches/modules-2/files-2.1/com.google.guava/guava/18.0/cce0823396aa693798f8882e64213b1772032b09/guava-18.0.jar:/Users/rajanigandhakhot/.gradle/caches/modules-2/files-2.1/com.fasterxml/classmate/1.3.4/3d5f48f10bbe4eb7bd862f10c0583be2e0053c6/classmate-1.3.4.jar:/Users/rajanigandhakhot/.gradle/caches/modules-2/files-2.1/com.jayway.jsonpath/json-path/2.4.0/765a4401ceb2dc8d40553c2075eb80a8fa35c2ae/json-path-2.4.0.jar:/Users/rajanigandhakhot/.gradle/caches/modules-2/files-2.1/com.zaxxer/HikariCP/2.7.9/a83113d2c091d0d0f853dad3217bd7df3beb6ae3/HikariCP-2.7.9.jar:/Users/rajanigandhakhot/.gradle/caches/modules-2/files-2.1/org.springframework.data/spring-data-commons/2.0.8.RELEASE/5c19af63b5acb0eab39066684e813d5ecd9d03b7/spring-data-commons-2.0.8.RELEASE.jar:/Users/rajanigandhakhot/.gradle/caches/modules-2/files-2.1/org.thymeleaf/thymeleaf/3.0.9.RELEASE/64185cca50ac808ad034841c84b4013f955465d2/thymeleaf-3.0.9.RELEASE.jar:/Users/rajanigandhakhot/.gradle/caches/modules-2/files-2.1/org.springframework.boot/spring-boot-starter-logging/2.0.3.RELEASE/7caad34f01d2688919e15e09a90467963e3d5190/spring-boot-starter-logging-2.0.3.RELEASE.jar:/Users/rajanigandhakhot/.gradle/caches/modules-2/files-2.1/ch.qos.logback/logback-classic/1.2.3/7c4f3c474fb2c041d8028740440937705ebb473a/logback-classic-1.2.3.jar:/Users/rajanigandhakhot/.gradle/caches/modules-2/files-2.1/org.apache.logging.log4j/log4j-to-slf4j/2.10.0/f7e631ccf49cfc0aefa4a2a728da7d374c05bd3c/log4j-to-slf4j-2.10.0.jar:/Users/rajanigandhakhot/.gradle/caches/modules-2/files-2.1/org.slf4j/jul-to-slf4j/1.7.25/af5364cd6679bfffb114f0dec8a157aaa283b76/jul-to-slf4j-1.7.25.jar:/Users/rajanigandhakhot/.gradle/caches/modules-2/files-2.1/org.slf4j/slf4j-api/1.7.25/da76ca59f6a57ee3102f8f9bd9cee742973efa8a/slf4j-api-1.7.25.jar:/Users/rajanigandhakhot/.gradle/caches/modules-2/files-2.1/com.sun.mail/javax.mail/1.6.1/757ba4630692bb2a1ec2d9d57a616b63f15e947e/javax.mail-1.6.1.jar:/Users/rajanigandhakhot/.gradle/caches/modules-2/files-2.1/javax.annotation/javax.annotation-api/1.3.2/934c04d3cfef185a8008e7bf34331b79730a9d43/javax.annotation-api-1.3.2.jar:/Users/rajanigandhakhot/.gradle/caches/modules-2/files-2.1/org.apache.tomcat.embed/tomcat-embed-websocket/8.5.31/6564e716b89de5eaa0dd234ae7989576503ddf3/tomcat-embed-websocket-8.5.31.jar:/Users/rajanigandhakhot/.gradle/caches/modules-2/files-2.1/org.apache.tomcat.embed/tomcat-embed-core/8.5.31/f5adf7ed8c34aa005b22b6a2dc7b6796e10e9c79/tomcat-embed-core-8.5.31.jar:/Users/rajanigandhakhot/.gradle/caches/modules-2/files-2.1/org.apache.tomcat.embed/tomcat-embed-el/8.5.31/3a536e1ac71b82627c3a7408eb38fa0704cb9034/tomcat-embed-el-8.5.31.jar:/Users/rajanigandhakhot/.gradle/caches/modules-2/files-2.1/junit/junit/4.12/2973d150c0dc1fefe998f834810d68f278ea58ec/junit-4.12.jar:/Users/rajanigandhakhot/.gradle/caches/modules-2/files-2.1/org.assertj/assertj-core/3.9.1/c5ce126b15f28d56cd8f960c1a6a058b9c9aea87/assertj-core-3.9.1.jar:/Users/rajanigandhakhot/.gradle/caches/modules-2/files-2.1/org.mockito/mockito-core/2.15.0/b84bfbbc29cd22c9529409627af6ea2897f4fa85/mockito-core-2.15.0.jar:/Users/rajanigandhakhot/.gradle/caches/modules-2/files-2.1/org.hamcrest/hamcrest-library/1.3/4785a3c21320980282f9f33d0d1264a69040538f/hamcrest-library-1.3.jar:/Users/rajanigandhakhot/.gradle/caches/modules-2/files-2.1/org.hamcrest/hamcrest-core/1.3/42a25dc3219429f0e5d060061f71acb49bf010a0/hamcrest-core-1.3.jar:/Users/rajanigandhakhot/.gradle/caches/modules-2/files-2.1/org.skyscreamer/jsonassert/1.5.0/6c9d5fe2f59da598d9aefc1cfc6528ff3cf32df3/jsonassert-1.5.0.jar:/Users/rajanigandhakhot/.gradle/caches/modules-2/files-2.1/org.springframework/spring-test/5.0.7.RELEASE/bcb7505a316ea34b7e9a7ae5d4921be5b475c02d/spring-test-5.0.7.RELEASE.jar:/Users/rajanigandhakhot/.gradle/caches/modules-2/files-2.1/org.springframework/spring-orm/5.0.7.RELEASE/4deed5f4a38d62f9dba7db8e010da8b49e322757/spring-orm-5.0.7.RELEASE.jar:/Users/rajanigandhakhot/.gradle/caches/modules-2/files-2.1/org.springframework/spring-jdbc/5.0.7.RELEASE/9c78c6b9a6c603f6589b480e165939cde7bab7f9/spring-jdbc-5.0.7.RELEASE.jar:/Users/rajanigandhakhot/.gradle/caches/modules-2/files-2.1/org.springframework/spring-tx/5.0.7.RELEASE/4ca59b21c61162adb146ad1b40c30b60d8dc42b8/spring-tx-5.0.7.RELEASE.jar:/Users/rajanigandhakhot/.gradle/caches/modules-2/files-2.1/org.springframework/spring-beans/5.0.7.RELEASE/c1196cb3e56da83e3c3a02ef323699f4b05feedc/spring-beans-5.0.7.RELEASE.jar:/Users/rajanigandhakhot/.gradle/caches/modules-2/files-2.1/org.springframework/spring-expression/5.0.7.RELEASE/ca01fb473f53dd0ee3c85663b26d5dc325602057/spring-expression-5.0.7.RELEASE.jar:/Users/rajanigandhakhot/.gradle/caches/modules-2/files-2.1/org.springframework/spring-core/5.0.7.RELEASE/54b731178d81e66eca9623df772ff32718208137/spring-core-5.0.7.RELEASE.jar:/Users/rajanigandhakhot/.gradle/caches/modules-2/files-2.1/org.xmlunit/xmlunit-core/2.5.1/4ffdb346572a7356f7521cd3119ce5287d2e339d/xmlunit-core-2.5.1.jar:/Users/rajanigandhakhot/.gradle/caches/modules-2/files-2.1/com.beust/jcommander/1.72/6375e521c1e11d6563d4f25a07ce124ccf8cd171/jcommander-1.72.jar:/Users/rajanigandhakhot/.gradle/caches/modules-2/files-2.1/org.apache-extras.beanshell/bsh/2.0b6/fb418f9b33a0b951e9a2978b4b6ee93b2707e72f/bsh-2.0b6.jar:/Users/rajanigandhakhot/.gradle/caches/modules-2/files-2.1/org.yaml/snakeyaml/1.19/2d998d3d674b172a588e54ab619854d073f555b5/snakeyaml-1.19.jar:/Users/rajanigandhakhot/.gradle/caches/modules-2/files-2.1/org.aspectj/aspectjweaver/1.8.13/ad94df2a28d658a40dc27bbaff6a1ce5fbf04e9b/aspectjweaver-1.8.13.jar:/Users/rajanigandhakhot/.gradle/caches/modules-2/files-2.1/org.hibernate.common/hibernate-commons-annotations/5.0.1.Final/71e1cff3fcb20d3b3af4f3363c3ddb24d33c6879/hibernate-commons-annotations-5.0.1.Final.jar:/Users/rajanigandhakhot/.gradle/caches/modules-2/files-2.1/org.jboss.logging/jboss-logging/3.3.2.Final/3789d00e859632e6c6206adc0c71625559e6e3b0/jboss-logging-3.3.2.Final.jar:/Users/rajanigandhakhot/.gradle/caches/modules-2/files-2.1/org.hibernate.javax.persistence/hibernate-jpa-2.1-api/1.0.2.Final/52afb5762c704a6b586e27742470c08f91877fc1/hibernate-jpa-2.1-api-1.0.2.Final.jar:/Users/rajanigandhakhot/.gradle/caches/modules-2/files-2.1/org.javassist/javassist/3.22.0-GA/3e83394258ae2089be7219b971ec21a8288528ad/javassist-3.22.0-GA.jar:/Users/rajanigandhakhot/.gradle/caches/modules-2/files-2.1/antlr/antlr/2.7.7/83cd2cd674a217ade95a4bb83a8a14f351f48bd0/antlr-2.7.7.jar:/Users/rajanigandhakhot/.gradle/caches/modules-2/files-2.1/org.jboss/jandex/2.0.3.Final/bfc4d6257dbff7a33a357f0de116be6ff951d849/jandex-2.0.3.Final.jar:/Users/rajanigandhakhot/.gradle/caches/modules-2/files-2.1/dom4j/dom4j/1.6.1/5d3ccc056b6f056dbf0dddfdf43894b9065a8f94/dom4j-1.6.1.jar:/Users/rajanigandhakhot/.gradle/caches/modules-2/files-2.1/com.fasterxml.jackson.datatype/jackson-datatype-jdk8/2.9.6/456895fc91bf7180b216fead220373e6278230c9/jackson-datatype-jdk8-2.9.6.jar:/Users/rajanigandhakhot/.gradle/caches/modules-2/files-2.1/com.fasterxml.jackson.datatype/jackson-datatype-jsr310/2.9.6/ea54f6193d224e5e5732bbd4262327eb465397c2/jackson-datatype-jsr310-2.9.6.jar:/Users/rajanigandhakhot/.gradle/caches/modules-2/files-2.1/com.fasterxml.jackson.module/jackson-module-parameter-names/2.9.6/129acd77a4b6ee30d62d3a0899b1344c8ec2bff8/jackson-module-parameter-names-2.9.6.jar:/Users/rajanigandhakhot/.gradle/caches/modules-2/files-2.1/com.fasterxml.jackson.core/jackson-databind/2.9.6/cfa4f316351a91bfd95cb0644c6a2c95f52db1fc/jackson-databind-2.9.6.jar:/Users/rajanigandhakhot/.gradle/caches/modules-2/files-2.1/javax.validation/validation-api/2.0.1.Final/cb855558e6271b1b32e716d24cb85c7f583ce09e/validation-api-2.0.1.Final.jar:/Users/rajanigandhakhot/.gradle/caches/modules-2/files-2.1/com.fasterxml.jackson.core/jackson-annotations/2.9.0/7c10d545325e3a6e72e06381afe469fd40eb701/jackson-annotations-2.9.0.jar:/Users/rajanigandhakhot/.gradle/caches/modules-2/files-2.1/javax.activation/activation/1.1/e6cb541461c2834bdea3eb920f1884d1eb508b50/activation-1.1.jar:/Users/rajanigandhakhot/.gradle/caches/modules-2/files-2.1/net.minidev/json-smart/2.3/7396407491352ce4fa30de92efb158adb76b5b/json-smart-2.3.jar:/Users/rajanigandhakhot/.gradle/caches/modules-2/files-2.1/net.bytebuddy/byte-buddy/1.7.11/f02857a4e2c66ccbe7aaad6100a0a6c461bce9b3/byte-buddy-1.7.11.jar:/Users/rajanigandhakhot/.gradle/caches/modules-2/files-2.1/net.bytebuddy/byte-buddy-agent/1.7.11/b425a8933ca07edd03c6dbc8bc3b595fba9780de/byte-buddy-agent-1.7.11.jar:/Users/rajanigandhakhot/.gradle/caches/modules-2/files-2.1/org.objenesis/objenesis/2.6/639033469776fd37c08358c6b92a4761feb2af4b/objenesis-2.6.jar:/Users/rajanigandhakhot/.gradle/caches/modules-2/files-2.1/com.vaadin.external.google/android-json/0.0.20131108.vaadin1/fa26d351fe62a6a17f5cda1287c1c6110dec413f/android-json-0.0.20131108.vaadin1.jar:/Users/rajanigandhakhot/.gradle/caches/modules-2/files-2.1/org.springframework/spring-jcl/5.0.7.RELEASE/699016ddf454c2c167d9f84ae5777eccadf54728/spring-jcl-5.0.7.RELEASE.jar:/Users/rajanigandhakhot/.gradle/caches/modules-2/files-2.1/org.attoparser/attoparser/2.0.4.RELEASE/5cf02c4d8303a81f0c80971bb1dcd40d3ba96009/attoparser-2.0.4.RELEASE.jar:/Users/rajanigandhakhot/.gradle/caches/modules-2/files-2.1/org.unbescape/unbescape/1.1.5.RELEASE/46dc644ea9c234317d926ebac5bf5d8f114dc1ba/unbescape-1.1.5.RELEASE.jar:/Users/rajanigandhakhot/.gradle/caches/modules-2/files-2.1/com.fasterxml.jackson.core/jackson-core/2.9.6/4e393793c37c77e042ccc7be5a914ae39251b365/jackson-core-2.9.6.jar:/Users/rajanigandhakhot/.gradle/caches/modules-2/files-2.1/net.minidev/accessors-smart/1.2/c592b500269bfde36096641b01238a8350f8aa31/accessors-smart-1.2.jar:/Users/rajanigandhakhot/.gradle/caches/modules-2/files-2.1/ch.qos.logback/logback-core/1.2.3/864344400c3d4d92dfeb0a305dc87d953677c03c/logback-core-1.2.3.jar:/Users/rajanigandhakhot/.gradle/caches/modules-2/files-2.1/org.apache.logging.log4j/log4j-api/2.10.0/fec5797a55b786184a537abd39c3fa1449d752d6/log4j-api-2.10.0.jar:/Users/rajanigandhakhot/.gradle/caches/modules-2/files-2.1/org.ow2.asm/asm/5.0.4/da08b8cce7bbf903602a25a3a163ae252435795/asm-5.0.4.jar, user.name=rajanigandhakhot, java.vm.specification.version=1.8, sun.java.command=worker.org.gradle.process.internal.worker.GradleWorkerMain 'Gradle Test Executor 1', java.home=/Library/Java/JavaVirtualMachines/jdk1.8.0_131.jdk/Contents/Home/jre, sun.arch.data.model=64, user.language=en, java.specification.vendor=Oracle Corporation, awt.toolkit=sun.lwawt.macosx.LWCToolkit, java.vm.info=mixed mode, java.version=1.8.0_131, java.ext.dirs=/Users/rajanigandhakhot/Library/Java/Extensions:/Library/Java/JavaVirtualMachines/jdk1.8.0_131.jdk/Contents/Home/jre/lib/ext:/Library/Java/Extensions:/Network/Library/Java/Extensions:/System/Library/Java/Extensions:/usr/lib/java, sun.boot.class.path=/Library/Java/JavaVirtualMachines/jdk1.8.0_131.jdk/Contents/Home/jre/lib/resources.jar:/Library/Java/JavaVirtualMachines/jdk1.8.0_131.jdk/Contents/Home/jre/lib/rt.jar:/Library/Java/JavaVirtualMachines/jdk1.8.0_131.jdk/Contents/Home/jre/lib/sunrsasign.jar:/Library/Java/JavaVirtualMachines/jdk1.8.0_131.jdk/Contents/Home/jre/lib/jsse.jar:/Library/Java/JavaVirtualMachines/jdk1.8.0_131.jdk/Contents/Home/jre/lib/jce.jar:/Library/Java/JavaVirtualMachines/jdk1.8.0_131.jdk/Contents/Home/jre/lib/charsets.jar:/Library/Java/JavaVirtualMachines/jdk1.8.0_131.jdk/Contents/Home/jre/lib/jfr.jar:/Library/Java/JavaVirtualMachines/jdk1.8.0_131.jdk/Contents/Home/jre/classes, java.vendor=Oracle Corporation, org.gradle.test.worker=1, file.separator=/, java.vendor.url.bug=http://bugreport.sun.com/bugreport/, sun.io.unicode.encoding=UnicodeBig, sun.cpu.endian=little, socksNonProxyHosts=local|*.local|169.254/16|*.169.254/16, ftp.nonProxyHosts=local|*.local|169.254/16|*.169.254/16, sun.cpu.isalist=}}, SystemEnvironmentPropertySource@73340019 {name='systemEnvironment', properties={PATH=/usr/bin:/bin:/usr/sbin:/sbin, JAVA_MAIN_CLASS_15621=worker.org.gradle.process.internal.worker.GradleWorkerMain, SHELL=/bin/bash, APP_ICON_11325=../Resources/Eclipse.icns, JAVA_STARTED_ON_FIRST_THREAD_11325=1, USER=rajanigandhakhot, TMPDIR=/var/folders/rd/zmtr0yj50n70rllx13798ftr0000gn/T/, SSH_AUTH_SOCK=/private/tmp/com.apple.launchd.eAxFygxG1T/Listeners, XPC_FLAGS=0x0, __CF_USER_TEXT_ENCODING=0x1F5:0x0:0x0, Apple_PubSub_Socket_Render=/private/tmp/com.apple.launchd.B4OQpK8o9a/Render, LOGNAME=rajanigandhakhot, XPC_SERVICE_NAME=org.eclipse.platform.ide.13204, HOME=/Users/rajanigandhakhot}}]
17:47:56.998 [Test worker] DEBUG org.springframework.core.io.support.PathMatchingResourcePatternResolver - Resolved classpath location [com/prodevans/DevOpsAssessmentTool/service/] to resources [URL [file:/Users/rajanigandhakhot/Desktop/devops_assessment_tool/build/classes/java/test/com/prodevans/DevOpsAssessmentTool/service/]]
17:47:56.998 [Test worker] DEBUG org.springframework.core.io.support.PathMatchingResourcePatternResolver - Looking for matching resources in directory tree [/Users/rajanigandhakhot/Desktop/devops_assessment_tool/build/classes/java/test/com/prodevans/DevOpsAssessmentTool/service]
17:47:56.999 [Test worker] DEBUG org.springframework.core.io.support.PathMatchingResourcePatternResolver - Searching directory [/Users/rajanigandhakhot/Desktop/devops_assessment_tool/build/classes/java/test/com/prodevans/DevOpsAssessmentTool/service] for files matching pattern [/Users/rajanigandhakhot/Desktop/devops_assessment_tool/build/classes/java/test/com/prodevans/DevOpsAssessmentTool/service/*.class]
17:47:57.006 [Test worker] DEBUG org.springframework.core.io.support.PathMatchingResourcePatternResolver - Resolved location pattern [classpath*:com/prodevans/DevOpsAssessmentTool/service/*.class] to resources [file [/Users/rajanigandhakhot/Desktop/devops_assessment_tool/build/classes/java/test/com/prodevans/DevOpsAssessmentTool/service/CheckEmail.class], file [/Users/rajanigandhakhot/Desktop/devops_assessment_tool/build/classes/java/test/com/prodevans/DevOpsAssessmentTool/service/CompanySizeTest.class], file [/Users/rajanigandhakhot/Desktop/devops_assessment_tool/build/classes/java/test/com/prodevans/DevOpsAssessmentTool/service/CountryTest.class], file [/Users/rajanigandhakhot/Desktop/devops_assessment_tool/build/classes/java/test/com/prodevans/DevOpsAssessmentTool/service/GetAllCategoriesTest.class], file [/Users/rajanigandhakhot/Desktop/devops_assessment_tool/build/classes/java/test/com/prodevans/DevOpsAssessmentTool/service/GetQuestionsByCategoryIdTest.class], file [/Users/rajanigandhakhot/Desktop/devops_assessment_tool/build/classes/java/test/com/prodevans/DevOpsAssessmentTool/service/IndustryTypeTest.class], file [/Users/rajanigandhakhot/Desktop/devops_assessment_tool/build/classes/java/test/com/prodevans/DevOpsAssessmentTool/service/UserDetailsTest.class], file [/Users/rajanigandhakhot/Desktop/devops_assessment_tool/build/classes/java/test/com/prodevans/DevOpsAssessmentTool/service/UserRegistration.class]]
17:47:57.048 [Test worker] DEBUG org.springframework.core.io.support.PathMatchingResourcePatternResolver - Resolved classpath location [com/prodevans/DevOpsAssessmentTool/] to resources [URL [file:/Users/rajanigandhakhot/Desktop/devops_assessment_tool/build/classes/java/test/com/prodevans/DevOpsAssessmentTool/], URL [file:/Users/rajanigandhakhot/Desktop/devops_assessment_tool/build/classes/java/main/com/prodevans/DevOpsAssessmentTool/]]
17:47:57.049 [Test worker] DEBUG org.springframework.core.io.support.PathMatchingResourcePatternResolver - Looking for matching resources in directory tree [/Users/rajanigandhakhot/Desktop/devops_assessment_tool/build/classes/java/test/com/prodevans/DevOpsAssessmentTool]
17:47:57.049 [Test worker] DEBUG org.springframework.core.io.support.PathMatchingResourcePatternResolver - Searching directory [/Users/rajanigandhakhot/Desktop/devops_assessment_tool/build/classes/java/test/com/prodevans/DevOpsAssessmentTool] for files matching pattern [/Users/rajanigandhakhot/Desktop/devops_assessment_tool/build/classes/java/test/com/prodevans/DevOpsAssessmentTool/*.class]
17:47:57.050 [Test worker] DEBUG org.springframework.core.io.support.PathMatchingResourcePatternResolver - Looking for matching resources in directory tree [/Users/rajanigandhakhot/Desktop/devops_assessment_tool/build/classes/java/main/com/prodevans/DevOpsAssessmentTool]
17:47:57.050 [Test worker] DEBUG org.springframework.core.io.support.PathMatchingResourcePatternResolver - Searching directory [/Users/rajanigandhakhot/Desktop/devops_assessment_tool/build/classes/java/main/com/prodevans/DevOpsAssessmentTool] for files matching pattern [/Users/rajanigandhakhot/Desktop/devops_assessment_tool/build/classes/java/main/com/prodevans/DevOpsAssessmentTool/*.class]
17:47:57.052 [Test worker] DEBUG org.springframework.core.io.support.PathMatchingResourcePatternResolver - Resolved location pattern [classpath*:com/prodevans/DevOpsAssessmentTool/*.class] to resources [file [/Users/rajanigandhakhot/Desktop/devops_assessment_tool/build/classes/java/test/com/prodevans/DevOpsAssessmentTool/DevOpsAssessmentToolApplicationTests.class], file [/Users/rajanigandhakhot/Desktop/devops_assessment_tool/build/classes/java/main/com/prodevans/DevOpsAssessmentTool/DevOpsAssessmentToolApplication.class]]
17:47:57.097 [Test worker] DEBUG org.springframework.context.annotation.ClassPathScanningCandidateComponentProvider - Identified candidate component class: file [/Users/rajanigandhakhot/Desktop/devops_assessment_tool/build/classes/java/main/com/prodevans/DevOpsAssessmentTool/DevOpsAssessmentToolApplication.class]
17:47:57.098 [Test worker] INFO org.springframework.boot.test.context.SpringBootTestContextBootstrapper - Found @SpringBootConfiguration com.prodevans.DevOpsAssessmentTool.DevOpsAssessmentToolApplication for test class com.prodevans.DevOpsAssessmentTool.service.CheckEmail
17:47:57.280 [Test worker] DEBUG org.springframework.boot.test.context.SpringBootTestContextBootstrapper - @TestExecutionListeners is not present for class [com.prodevans.DevOpsAssessmentTool.service.CheckEmail]: using defaults.
17:47:57.282 [Test worker] INFO org.springframework.boot.test.context.SpringBootTestContextBootstrapper - Loaded default TestExecutionListener class names from location [META-INF/spring.factories]: [org.springframework.boot.test.autoconfigure.restdocs.RestDocsTestExecutionListener, org.springframework.boot.test.autoconfigure.web.client.MockRestServiceServerResetTestExecutionListener, org.springframework.boot.test.autoconfigure.web.servlet.MockMvcPrintOnlyOnFailureTestExecutionListener, org.springframework.boot.test.autoconfigure.web.servlet.WebDriverTestExecutionListener, org.springframework.boot.test.mock.mockito.MockitoTestExecutionListener, org.springframework.boot.test.mock.mockito.ResetMocksTestExecutionListener, org.springframework.test.context.web.ServletTestExecutionListener, org.springframework.test.context.support.DirtiesContextBeforeModesTestExecutionListener, org.springframework.test.context.support.DependencyInjectionTestExecutionListener, org.springframework.test.context.support.DirtiesContextTestExecutionListener, org.springframework.test.context.transaction.TransactionalTestExecutionListener, org.springframework.test.context.jdbc.SqlScriptsTestExecutionListener]
17:47:57.315 [Test worker] INFO org.springframework.boot.test.context.SpringBootTestContextBootstrapper - Using TestExecutionListeners: [org.springframework.test.context.web.ServletTestExecutionListener@5e4e654a, org.springframework.test.context.support.DirtiesContextBeforeModesTestExecutionListener@1564895a, org.springframework.boot.test.mock.mockito.MockitoTestExecutionListener@12966153, org.springframework.boot.test.autoconfigure.SpringBootDependencyInjectionTestExecutionListener@7afba60b, org.springframework.test.context.support.DirtiesContextTestExecutionListener@57b2e82b, org.springframework.test.context.transaction.TransactionalTestExecutionListener@66ad85de, org.springframework.test.context.jdbc.SqlScriptsTestExecutionListener@4710fca1, org.springframework.boot.test.autoconfigure.restdocs.RestDocsTestExecutionListener@60fcd1b6, org.springframework.boot.test.autoconfigure.web.client.MockRestServiceServerResetTestExecutionListener@204f8e32, org.springframework.boot.test.autoconfigure.web.servlet.MockMvcPrintOnlyOnFailureTestExecutionListener@2a466c90, org.springframework.boot.test.autoconfigure.web.servlet.WebDriverTestExecutionListener@6af3688d, org.springframework.boot.test.mock.mockito.ResetMocksTestExecutionListener@6c847504]
17:47:57.322 [Test worker] DEBUG org.springframework.test.annotation.ProfileValueUtils - Retrieved @ProfileValueSourceConfiguration [null] for test class [com.prodevans.DevOpsAssessmentTool.service.CheckEmail]
17:47:57.323 [Test worker] DEBUG org.springframework.test.annotation.ProfileValueUtils - Retrieved ProfileValueSource type [class org.springframework.test.annotation.SystemProfileValueSource] for class [com.prodevans.DevOpsAssessmentTool.service.CheckEmail]
17:47:57.325 [Test worker] DEBUG org.springframework.test.annotation.ProfileValueUtils - Retrieved @ProfileValueSourceConfiguration [null] for test class [com.prodevans.DevOpsAssessmentTool.service.CheckEmail]
17:47:57.325 [Test worker] DEBUG org.springframework.test.annotation.ProfileValueUtils - Retrieved ProfileValueSource type [class org.springframework.test.annotation.SystemProfileValueSource] for class [com.prodevans.DevOpsAssessmentTool.service.CheckEmail]
17:47:57.333 [Test worker] DEBUG org.springframework.test.context.support.AbstractDirtiesContextTestExecutionListener - Before test class: context [DefaultTestContext@4781e29a testClass = CheckEmail, testInstance = [null], testMethod = [null], testException = [null], mergedContextConfiguration = [WebMergedContextConfiguration@7e603a1b testClass = CheckEmail, locations = '{}', classes = '{class com.prodevans.DevOpsAssessmentTool.DevOpsAssessmentToolApplication}', contextInitializerClasses = '[]', activeProfiles = '{}', propertySourceLocations = '{}', propertySourceProperties = '{org.springframework.boot.test.context.SpringBootTestContextBootstrapper=true}', contextCustomizers = set[org.springframework.boot.test.autoconfigure.properties.PropertyMappingContextCustomizer@0, org.springframework.boot.test.autoconfigure.web.servlet.WebDriverContextCustomizerFactory$Customizer@67c965bc, org.springframework.boot.test.context.filter.ExcludeFilterContextCustomizer@3e40fa62, org.springframework.boot.test.json.DuplicateJsonObjectContextCustomizerFactory$DuplicateJsonObjectContextCustomizer@7a992351, org.springframework.boot.test.mock.mockito.MockitoContextCustomizer@0, org.springframework.boot.test.web.client.TestRestTemplateContextCustomizer@3e465b69], resourceBasePath = 'src/main/webapp', contextLoader = 'org.springframework.boot.test.context.SpringBootContextLoader', parent = [null]], attributes = map['org.springframework.test.context.web.ServletTestExecutionListener.activateListener' -> true]], class annotated with @DirtiesContext [false] with mode [null].
17:47:57.334 [Test worker] DEBUG org.springframework.test.annotation.ProfileValueUtils - Retrieved @ProfileValueSourceConfiguration [null] for test class [com.prodevans.DevOpsAssessmentTool.service.CheckEmail]
17:47:57.335 [Test worker] DEBUG org.springframework.test.annotation.ProfileValueUtils - Retrieved ProfileValueSource type [class org.springframework.test.annotation.SystemProfileValueSource] for class [com.prodevans.DevOpsAssessmentTool.service.CheckEmail]
17:47:57.361 [Test worker] DEBUG org.springframework.core.env.StandardEnvironment - Adding PropertySource 'systemProperties' with lowest search precedence
17:47:57.363 [Test worker] DEBUG org.springframework.core.env.StandardEnvironment - Adding PropertySource 'systemEnvironment' with lowest search precedence
17:47:57.364 [Test worker] DEBUG org.springframework.core.env.StandardEnvironment - Initialized StandardEnvironment with PropertySources [MapPropertySource@1607088454 {name='systemProperties', properties={java.runtime.name=Java(TM) SE Runtime Environment, sun.boot.library.path=/Library/Java/JavaVirtualMachines/jdk1.8.0_131.jdk/Contents/Home/jre/lib, java.vm.version=25.131-b11, gopherProxySet=false, java.vm.vendor=Oracle Corporation, java.vendor.url=http://java.oracle.com/, path.separator=:, java.vm.name=Java HotSpot(TM) 64-Bit Server VM, file.encoding.pkg=sun.io, sun.java.launcher=SUN_STANDARD, user.country=US, sun.os.patch.level=unknown, java.vm.specification.name=Java Virtual Machine Specification, user.dir=/Users/rajanigandhakhot/Desktop/devops_assessment_tool, java.runtime.version=1.8.0_131-b11, java.awt.graphicsenv=sun.awt.CGraphicsEnvironment, java.endorsed.dirs=/Library/Java/JavaVirtualMachines/jdk1.8.0_131.jdk/Contents/Home/jre/lib/endorsed, os.arch=x86_64, java.io.tmpdir=/var/folders/rd/zmtr0yj50n70rllx13798ftr0000gn/T/, line.separator=
, java.vm.specification.vendor=Oracle Corporation, user.variant=, os.name=Mac OS X, sun.jnu.encoding=UTF-8, java.library.path=/Users/rajanigandhakhot/Library/Java/Extensions:/Library/Java/Extensions:/Network/Library/Java/Extensions:/System/Library/Java/Extensions:/usr/lib/java:., java.specification.name=Java Platform API Specification, java.class.version=52.0, org.gradle.native=false, sun.management.compiler=HotSpot 64-Bit Tiered Compilers, os.version=10.12.6, http.nonProxyHosts=local|*.local|169.254/16|*.169.254/16, user.home=/Users/rajanigandhakhot, user.timezone=Asia/Kolkata, java.awt.printerjob=sun.lwawt.macosx.CPrinterJob, file.encoding=UTF-8, java.specification.version=1.8, java.class.path=/Users/rajanigandhakhot/Desktop/devops_assessment_tool/build/classes/java/test:/Users/rajanigandhakhot/Desktop/devops_assessment_tool/build/resources/test:/Users/rajanigandhakhot/Desktop/devops_assessment_tool/build/classes/java/main:/Users/rajanigandhakhot/Desktop/devops_assessment_tool/build/resources/main:/Users/rajanigandhakhot/.gradle/caches/modules-2/files-2.1/org.springframework.boot/spring-boot-starter-data-jpa/2.0.3.RELEASE/56c909f49b5385793942158e143187ecc8c7b54a/spring-boot-starter-data-jpa-2.0.3.RELEASE.jar:/Users/rajanigandhakhot/.gradle/caches/modules-2/files-2.1/org.springframework.boot/spring-boot-starter-thymeleaf/2.0.3.RELEASE/7a8cf11f5b7faa244e1979df491811bc0c858743/spring-boot-starter-thymeleaf-2.0.3.RELEASE.jar:/Users/rajanigandhakhot/.gradle/caches/modules-2/files-2.1/org.springframework.boot/spring-boot-starter-hateoas/2.0.3.RELEASE/6d811b5b109640fa5c596fe4e90a6ca560e380ac/spring-boot-starter-hateoas-2.0.3.RELEASE.jar:/Users/rajanigandhakhot/.gradle/caches/modules-2/files-2.1/org.springframework.boot/spring-boot-starter-web/2.0.3.RELEASE/41fd4180bea3813de8f3c602b5a126218360315b/spring-boot-starter-web-2.0.3.RELEASE.jar:/Users/rajanigandhakhot/.gradle/caches/modules-2/files-2.1/org.springframework.boot/spring-boot-starter-security/2.0.3.RELEASE/67de3ced1ebc68c7bbd9bc2ced390821fa682c2f/spring-boot-starter-security-2.0.3.RELEASE.jar:/Users/rajanigandhakhot/.gradle/caches/modules-2/files-2.1/io.springfox/springfox-swagger2/2.4.0/c6919bdec913eb5e8204a7757cf86f34201f6aac/springfox-swagger2-2.4.0.jar:/Users/rajanigandhakhot/.gradle/caches/modules-2/files-2.1/io.springfox/springfox-swagger-ui/2.4.0/1205fbe70fbbcf6c87b3059a45772e56d8ce6615/springfox-swagger-ui-2.4.0.jar:/Users/rajanigandhakhot/.gradle/caches/modules-2/files-2.1/javax.xml.bind/jaxb-api/2.3.0/99f802e0cb3e953ba3d6e698795c4aeb98d37c48/jaxb-api-2.3.0.jar:/Users/rajanigandhakhot/.gradle/caches/modules-2/files-2.1/org.springframework.boot/spring-boot-starter-mail/1.5.17.RELEASE/c601b6bfc1a0242a9c2225ff8dff0a510319fd87/spring-boot-starter-mail-1.5.17.RELEASE.jar:/Users/rajanigandhakhot/.gradle/caches/modules-2/files-2.1/org.springframework.security/spring-security-crypto/5.0.6.RELEASE/4e22e00672ace9e160ff1e884d0b7c9605fbef8d/spring-security-crypto-5.0.6.RELEASE.jar:/Users/rajanigandhakhot/.gradle/caches/modules-2/files-2.1/org.json/json/20150729/7ad48f520e9f94787fdbf2beb9916c76971bdcb0/json-20150729.jar:/Users/rajanigandhakhot/.gradle/caches/modules-2/files-2.1/org.springframework.boot/spring-boot-starter-tomcat/2.0.3.RELEASE/25a51a75bfb997b7b95d6760178ee3303863ec4b/spring-boot-starter-tomcat-2.0.3.RELEASE.jar:/Users/rajanigandhakhot/.gradle/caches/modules-2/files-2.1/org.springframework.boot/spring-boot-devtools/2.0.3.RELEASE/478e12e423b45d182a409f12a28fb9f0cddf84bf/spring-boot-devtools-2.0.3.RELEASE.jar:/Users/rajanigandhakhot/.gradle/caches/modules-2/files-2.1/mysql/mysql-connector-java/5.1.46/9a3e63b387e376364211e96827bc27db8d7a92e9/mysql-connector-java-5.1.46.jar:/Users/rajanigandhakhot/.gradle/caches/modules-2/files-2.1/org.springframework.boot/spring-boot-starter-test/2.0.3.RELEASE/1c624b1cc217bac010abce7a28df8169af4a7fa0/spring-boot-starter-test-2.0.3.RELEASE.jar:/Users/rajanigandhakhot/.gradle/caches/modules-2/files-2.1/org.testng/testng/6.14.3/d24515dc253e77e54b73df97e1fb2eb7faf34fdd/testng-6.14.3.jar:/Users/rajanigandhakhot/.gradle/caches/modules-2/files-2.1/org.springframework.boot/spring-boot-starter-aop/2.0.3.RELEASE/a78c7bc25fd51b217f078421dc40d13ddc3b9f8f/spring-boot-starter-aop-2.0.3.RELEASE.jar:/Users/rajanigandhakhot/.gradle/caches/modules-2/files-2.1/org.springframework.boot/spring-boot-starter-jdbc/2.0.3.RELEASE/4f5f3411692a0f5efb60f7f583bdfcf49199a3d4/spring-boot-starter-jdbc-2.0.3.RELEASE.jar:/Users/rajanigandhakhot/.gradle/caches/modules-2/files-2.1/org.springframework.boot/spring-boot-starter-json/2.0.3.RELEASE/2e389a8727588c549c28bb277f0f573f65554850/spring-boot-starter-json-2.0.3.RELEASE.jar:/Users/rajanigandhakhot/.gradle/caches/modules-2/files-2.1/org.springframework.boot/spring-boot-starter/2.0.3.RELEASE/ffaa050dbd36b0441645598f1a7ddaf67fd5e678/spring-boot-starter-2.0.3.RELEASE.jar:/Users/rajanigandhakhot/.gradle/caches/modules-2/files-2.1/org.hibernate/hibernate-core/5.2.17.Final/f2dc36470e7a2ffcf6106bb1625ecf5b54bb5f65/hibernate-core-5.2.17.Final.jar:/Users/rajanigandhakhot/.gradle/caches/modules-2/files-2.1/javax.transaction/javax.transaction-api/1.2/d81aff979d603edd90dcd8db2abc1f4ce6479e3e/javax.transaction-api-1.2.jar:/Users/rajanigandhakhot/.gradle/caches/modules-2/files-2.1/org.springframework.data/spring-data-jpa/2.0.8.RELEASE/8b874afd15da2b4d2d9b8431ad2be0c6829e41fe/spring-data-jpa-2.0.8.RELEASE.jar:/Users/rajanigandhakhot/.gradle/caches/modules-2/files-2.1/org.springframework/spring-aspects/5.0.7.RELEASE/afd3f7ecb9d7c2cb3160563f9f64b72223bb0265/spring-aspects-5.0.7.RELEASE.jar:/Users/rajanigandhakhot/.gradle/caches/modules-2/files-2.1/org.thymeleaf/thymeleaf-spring5/3.0.9.RELEASE/abf84efd83808a70d982d2790f7f3a7bd3a39cf4/thymeleaf-spring5-3.0.9.RELEASE.jar:/Users/rajanigandhakhot/.gradle/caches/modules-2/files-2.1/org.thymeleaf.extras/thymeleaf-extras-java8time/3.0.1.RELEASE/d23760d1e53cd70c489ef40dc94ee6bd2371cceb/thymeleaf-extras-java8time-3.0.1.RELEASE.jar:/Users/rajanigandhakhot/.gradle/caches/modules-2/files-2.1/org.hibernate.validator/hibernate-validator/6.0.10.Final/4236051a8d209c00f85e70918d5e26d9f3e5201e/hibernate-validator-6.0.10.Final.jar:/Users/rajanigandhakhot/.gradle/caches/modules-2/files-2.1/org.springframework.hateoas/spring-hateoas/0.24.0.RELEASE/b6401a781a58e0b2ab95242a553683e04300fe69/spring-hateoas-0.24.0.RELEASE.jar:/Users/rajanigandhakhot/.gradle/caches/modules-2/files-2.1/org.springframework/spring-webmvc/5.0.7.RELEASE/751c871527ec7ff335ffc76f2e737e297c0a8d30/spring-webmvc-5.0.7.RELEASE.jar:/Users/rajanigandhakhot/.gradle/caches/modules-2/files-2.1/org.springframework.security/spring-security-web/5.0.6.RELEASE/f502d929ee62f5dce0fc942f5a22faa52eaaac34/spring-security-web-5.0.6.RELEASE.jar:/Users/rajanigandhakhot/.gradle/caches/modules-2/files-2.1/org.springframework/spring-web/5.0.7.RELEASE/2e04c6c2922fbfa06b5948be14a5782db168b6ec/spring-web-5.0.7.RELEASE.jar:/Users/rajanigandhakhot/.gradle/caches/modules-2/files-2.1/io.springfox/springfox-swagger-common/2.4.0/8fe40ed5b97575890c82a04511e57f4c089c9a7b/springfox-swagger-common-2.4.0.jar:/Users/rajanigandhakhot/.gradle/caches/modules-2/files-2.1/io.springfox/springfox-spring-web/2.4.0/3cbfea59cc9eec05f278e68d1cbf85de98bab563/springfox-spring-web-2.4.0.jar:/Users/rajanigandhakhot/.gradle/caches/modules-2/files-2.1/io.springfox/springfox-schema/2.4.0/5ccdc3f47cf6b888bcf8fd2c127a9dc7b68057d7/springfox-schema-2.4.0.jar:/Users/rajanigandhakhot/.gradle/caches/modules-2/files-2.1/io.springfox/springfox-spi/2.4.0/c822599f794e24f3b9350cde430e848d80032306/springfox-spi-2.4.0.jar:/Users/rajanigandhakhot/.gradle/caches/modules-2/files-2.1/io.springfox/springfox-core/2.4.0/e11854b8ede27b6eafa56c29e08e6a0e7ac4c278/springfox-core-2.4.0.jar:/Users/rajanigandhakhot/.gradle/caches/modules-2/files-2.1/org.springframework.plugin/spring-plugin-metadata/1.2.0.RELEASE/97223fc496b6cab31602eedbd4202aa4fff0d44f/spring-plugin-metadata-1.2.0.RELEASE.jar:/Users/rajanigandhakhot/.gradle/caches/modules-2/files-2.1/org.springframework.plugin/spring-plugin-core/1.2.0.RELEASE/f380e7760032e7d929184f8ad8a33716b75c0657/spring-plugin-core-1.2.0.RELEASE.jar:/Users/rajanigandhakhot/.gradle/caches/modules-2/files-2.1/org.springframework.security/spring-security-config/5.0.6.RELEASE/60367d94d253c82781b7f9abf2294cd0295e1c1/spring-security-config-5.0.6.RELEASE.jar:/Users/rajanigandhakhot/.gradle/caches/modules-2/files-2.1/org.springframework.security/spring-security-core/5.0.6.RELEASE/11c0291cc9cda839b7feb52c519f4a35dc6e251b/spring-security-core-5.0.6.RELEASE.jar:/Users/rajanigandhakhot/.gradle/caches/modules-2/files-2.1/org.springframework/spring-context-support/5.0.7.RELEASE/e8ee4902d9d8bfbb21bc5e8f30cfbb4324adb4f3/spring-context-support-5.0.7.RELEASE.jar:/Users/rajanigandhakhot/.gradle/caches/modules-2/files-2.1/org.springframework.boot/spring-boot-test-autoconfigure/2.0.3.RELEASE/54e7d2167f2b926bf16a0ef8b91b6bfbd43826e7/spring-boot-test-autoconfigure-2.0.3.RELEASE.jar:/Users/rajanigandhakhot/.gradle/caches/modules-2/files-2.1/org.springframework.boot/spring-boot-autoconfigure/2.0.3.RELEASE/11bc4cc96b08fabad2b3186755818fa0b32d83f/spring-boot-autoconfigure-2.0.3.RELEASE.jar:/Users/rajanigandhakhot/.gradle/caches/modules-2/files-2.1/org.springframework.boot/spring-boot-test/2.0.3.RELEASE/5c9b4bb6cfce9ef6e53a0ff5fc4a7ff2867871d8/spring-boot-test-2.0.3.RELEASE.jar:/Users/rajanigandhakhot/.gradle/caches/modules-2/files-2.1/org.springframework.boot/spring-boot/2.0.3.RELEASE/b874870d915adbc3dd932e19077d3d45c8e54aa0/spring-boot-2.0.3.RELEASE.jar:/Users/rajanigandhakhot/.gradle/caches/modules-2/files-2.1/org.springframework/spring-context/5.0.7.RELEASE/243a23f8968de8754d8199d669780d683ab177bd/spring-context-5.0.7.RELEASE.jar:/Users/rajanigandhakhot/.gradle/caches/modules-2/files-2.1/org.springframework/spring-aop/5.0.7.RELEASE/fdd0b6aa3c9c7a188c3bfbf6dfd8d40e843be9ef/spring-aop-5.0.7.RELEASE.jar:/Users/rajanigandhakhot/.gradle/caches/modules-2/files-2.1/io.swagger/swagger-models/1.5.6/e5c36321b8bbd1e4f10858b5ceededdeeb4844e1/swagger-models-1.5.6.jar:/Users/rajanigandhakhot/.gradle/caches/modules-2/files-2.1/io.swagger/swagger-annotations/1.5.6/feb5c3bbf4d4c16b24bcccef23d234451e95abf3/swagger-annotations-1.5.6.jar:/Users/rajanigandhakhot/.gradle/caches/modules-2/files-2.1/com.google.guava/guava/18.0/cce0823396aa693798f8882e64213b1772032b09/guava-18.0.jar:/Users/rajanigandhakhot/.gradle/caches/modules-2/files-2.1/com.fasterxml/classmate/1.3.4/3d5f48f10bbe4eb7bd862f10c0583be2e0053c6/classmate-1.3.4.jar:/Users/rajanigandhakhot/.gradle/caches/modules-2/files-2.1/com.jayway.jsonpath/json-path/2.4.0/765a4401ceb2dc8d40553c2075eb80a8fa35c2ae/json-path-2.4.0.jar:/Users/rajanigandhakhot/.gradle/caches/modules-2/files-2.1/com.zaxxer/HikariCP/2.7.9/a83113d2c091d0d0f853dad3217bd7df3beb6ae3/HikariCP-2.7.9.jar:/Users/rajanigandhakhot/.gradle/caches/modules-2/files-2.1/org.springframework.data/spring-data-commons/2.0.8.RELEASE/5c19af63b5acb0eab39066684e813d5ecd9d03b7/spring-data-commons-2.0.8.RELEASE.jar:/Users/rajanigandhakhot/.gradle/caches/modules-2/files-2.1/org.thymeleaf/thymeleaf/3.0.9.RELEASE/64185cca50ac808ad034841c84b4013f955465d2/thymeleaf-3.0.9.RELEASE.jar:/Users/rajanigandhakhot/.gradle/caches/modules-2/files-2.1/org.springframework.boot/spring-boot-starter-logging/2.0.3.RELEASE/7caad34f01d2688919e15e09a90467963e3d5190/spring-boot-starter-logging-2.0.3.RELEASE.jar:/Users/rajanigandhakhot/.gradle/caches/modules-2/files-2.1/ch.qos.logback/logback-classic/1.2.3/7c4f3c474fb2c041d8028740440937705ebb473a/logback-classic-1.2.3.jar:/Users/rajanigandhakhot/.gradle/caches/modules-2/files-2.1/org.apache.logging.log4j/log4j-to-slf4j/2.10.0/f7e631ccf49cfc0aefa4a2a728da7d374c05bd3c/log4j-to-slf4j-2.10.0.jar:/Users/rajanigandhakhot/.gradle/caches/modules-2/files-2.1/org.slf4j/jul-to-slf4j/1.7.25/af5364cd6679bfffb114f0dec8a157aaa283b76/jul-to-slf4j-1.7.25.jar:/Users/rajanigandhakhot/.gradle/caches/modules-2/files-2.1/org.slf4j/slf4j-api/1.7.25/da76ca59f6a57ee3102f8f9bd9cee742973efa8a/slf4j-api-1.7.25.jar:/Users/rajanigandhakhot/.gradle/caches/modules-2/files-2.1/com.sun.mail/javax.mail/1.6.1/757ba4630692bb2a1ec2d9d57a616b63f15e947e/javax.mail-1.6.1.jar:/Users/rajanigandhakhot/.gradle/caches/modules-2/files-2.1/javax.annotation/javax.annotation-api/1.3.2/934c04d3cfef185a8008e7bf34331b79730a9d43/javax.annotation-api-1.3.2.jar:/Users/rajanigandhakhot/.gradle/caches/modules-2/files-2.1/org.apache.tomcat.embed/tomcat-embed-websocket/8.5.31/6564e716b89de5eaa0dd234ae7989576503ddf3/tomcat-embed-websocket-8.5.31.jar:/Users/rajanigandhakhot/.gradle/caches/modules-2/files-2.1/org.apache.tomcat.embed/tomcat-embed-core/8.5.31/f5adf7ed8c34aa005b22b6a2dc7b6796e10e9c79/tomcat-embed-core-8.5.31.jar:/Users/rajanigandhakhot/.gradle/caches/modules-2/files-2.1/org.apache.tomcat.embed/tomcat-embed-el/8.5.31/3a536e1ac71b82627c3a7408eb38fa0704cb9034/tomcat-embed-el-8.5.31.jar:/Users/rajanigandhakhot/.gradle/caches/modules-2/files-2.1/junit/junit/4.12/2973d150c0dc1fefe998f834810d68f278ea58ec/junit-4.12.jar:/Users/rajanigandhakhot/.gradle/caches/modules-2/files-2.1/org.assertj/assertj-core/3.9.1/c5ce126b15f28d56cd8f960c1a6a058b9c9aea87/assertj-core-3.9.1.jar:/Users/rajanigandhakhot/.gradle/caches/modules-2/files-2.1/org.mockito/mockito-core/2.15.0/b84bfbbc29cd22c9529409627af6ea2897f4fa85/mockito-core-2.15.0.jar:/Users/rajanigandhakhot/.gradle/caches/modules-2/files-2.1/org.hamcrest/hamcrest-library/1.3/4785a3c21320980282f9f33d0d1264a69040538f/hamcrest-library-1.3.jar:/Users/rajanigandhakhot/.gradle/caches/modules-2/files-2.1/org.hamcrest/hamcrest-core/1.3/42a25dc3219429f0e5d060061f71acb49bf010a0/hamcrest-core-1.3.jar:/Users/rajanigandhakhot/.gradle/caches/modules-2/files-2.1/org.skyscreamer/jsonassert/1.5.0/6c9d5fe2f59da598d9aefc1cfc6528ff3cf32df3/jsonassert-1.5.0.jar:/Users/rajanigandhakhot/.gradle/caches/modules-2/files-2.1/org.springframework/spring-test/5.0.7.RELEASE/bcb7505a316ea34b7e9a7ae5d4921be5b475c02d/spring-test-5.0.7.RELEASE.jar:/Users/rajanigandhakhot/.gradle/caches/modules-2/files-2.1/org.springframework/spring-orm/5.0.7.RELEASE/4deed5f4a38d62f9dba7db8e010da8b49e322757/spring-orm-5.0.7.RELEASE.jar:/Users/rajanigandhakhot/.gradle/caches/modules-2/files-2.1/org.springframework/spring-jdbc/5.0.7.RELEASE/9c78c6b9a6c603f6589b480e165939cde7bab7f9/spring-jdbc-5.0.7.RELEASE.jar:/Users/rajanigandhakhot/.gradle/caches/modules-2/files-2.1/org.springframework/spring-tx/5.0.7.RELEASE/4ca59b21c61162adb146ad1b40c30b60d8dc42b8/spring-tx-5.0.7.RELEASE.jar:/Users/rajanigandhakhot/.gradle/caches/modules-2/files-2.1/org.springframework/spring-beans/5.0.7.RELEASE/c1196cb3e56da83e3c3a02ef323699f4b05feedc/spring-beans-5.0.7.RELEASE.jar:/Users/rajanigandhakhot/.gradle/caches/modules-2/files-2.1/org.springframework/spring-expression/5.0.7.RELEASE/ca01fb473f53dd0ee3c85663b26d5dc325602057/spring-expression-5.0.7.RELEASE.jar:/Users/rajanigandhakhot/.gradle/caches/modules-2/files-2.1/org.springframework/spring-core/5.0.7.RELEASE/54b731178d81e66eca9623df772ff32718208137/spring-core-5.0.7.RELEASE.jar:/Users/rajanigandhakhot/.gradle/caches/modules-2/files-2.1/org.xmlunit/xmlunit-core/2.5.1/4ffdb346572a7356f7521cd3119ce5287d2e339d/xmlunit-core-2.5.1.jar:/Users/rajanigandhakhot/.gradle/caches/modules-2/files-2.1/com.beust/jcommander/1.72/6375e521c1e11d6563d4f25a07ce124ccf8cd171/jcommander-1.72.jar:/Users/rajanigandhakhot/.gradle/caches/modules-2/files-2.1/org.apache-extras.beanshell/bsh/2.0b6/fb418f9b33a0b951e9a2978b4b6ee93b2707e72f/bsh-2.0b6.jar:/Users/rajanigandhakhot/.gradle/caches/modules-2/files-2.1/org.yaml/snakeyaml/1.19/2d998d3d674b172a588e54ab619854d073f555b5/snakeyaml-1.19.jar:/Users/rajanigandhakhot/.gradle/caches/modules-2/files-2.1/org.aspectj/aspectjweaver/1.8.13/ad94df2a28d658a40dc27bbaff6a1ce5fbf04e9b/aspectjweaver-1.8.13.jar:/Users/rajanigandhakhot/.gradle/caches/modules-2/files-2.1/org.hibernate.common/hibernate-commons-annotations/5.0.1.Final/71e1cff3fcb20d3b3af4f3363c3ddb24d33c6879/hibernate-commons-annotations-5.0.1.Final.jar:/Users/rajanigandhakhot/.gradle/caches/modules-2/files-2.1/org.jboss.logging/jboss-logging/3.3.2.Final/3789d00e859632e6c6206adc0c71625559e6e3b0/jboss-logging-3.3.2.Final.jar:/Users/rajanigandhakhot/.gradle/caches/modules-2/files-2.1/org.hibernate.javax.persistence/hibernate-jpa-2.1-api/1.0.2.Final/52afb5762c704a6b586e27742470c08f91877fc1/hibernate-jpa-2.1-api-1.0.2.Final.jar:/Users/rajanigandhakhot/.gradle/caches/modules-2/files-2.1/org.javassist/javassist/3.22.0-GA/3e83394258ae2089be7219b971ec21a8288528ad/javassist-3.22.0-GA.jar:/Users/rajanigandhakhot/.gradle/caches/modules-2/files-2.1/antlr/antlr/2.7.7/83cd2cd674a217ade95a4bb83a8a14f351f48bd0/antlr-2.7.7.jar:/Users/rajanigandhakhot/.gradle/caches/modules-2/files-2.1/org.jboss/jandex/2.0.3.Final/bfc4d6257dbff7a33a357f0de116be6ff951d849/jandex-2.0.3.Final.jar:/Users/rajanigandhakhot/.gradle/caches/modules-2/files-2.1/dom4j/dom4j/1.6.1/5d3ccc056b6f056dbf0dddfdf43894b9065a8f94/dom4j-1.6.1.jar:/Users/rajanigandhakhot/.gradle/caches/modules-2/files-2.1/com.fasterxml.jackson.datatype/jackson-datatype-jdk8/2.9.6/456895fc91bf7180b216fead220373e6278230c9/jackson-datatype-jdk8-2.9.6.jar:/Users/rajanigandhakhot/.gradle/caches/modules-2/files-2.1/com.fasterxml.jackson.datatype/jackson-datatype-jsr310/2.9.6/ea54f6193d224e5e5732bbd4262327eb465397c2/jackson-datatype-jsr310-2.9.6.jar:/Users/rajanigandhakhot/.gradle/caches/modules-2/files-2.1/com.fasterxml.jackson.module/jackson-module-parameter-names/2.9.6/129acd77a4b6ee30d62d3a0899b1344c8ec2bff8/jackson-module-parameter-names-2.9.6.jar:/Users/rajanigandhakhot/.gradle/caches/modules-2/files-2.1/com.fasterxml.jackson.core/jackson-databind/2.9.6/cfa4f316351a91bfd95cb0644c6a2c95f52db1fc/jackson-databind-2.9.6.jar:/Users/rajanigandhakhot/.gradle/caches/modules-2/files-2.1/javax.validation/validation-api/2.0.1.Final/cb855558e6271b1b32e716d24cb85c7f583ce09e/validation-api-2.0.1.Final.jar:/Users/rajanigandhakhot/.gradle/caches/modules-2/files-2.1/com.fasterxml.jackson.core/jackson-annotations/2.9.0/7c10d545325e3a6e72e06381afe469fd40eb701/jackson-annotations-2.9.0.jar:/Users/rajanigandhakhot/.gradle/caches/modules-2/files-2.1/javax.activation/activation/1.1/e6cb541461c2834bdea3eb920f1884d1eb508b50/activation-1.1.jar:/Users/rajanigandhakhot/.gradle/caches/modules-2/files-2.1/net.minidev/json-smart/2.3/7396407491352ce4fa30de92efb158adb76b5b/json-smart-2.3.jar:/Users/rajanigandhakhot/.gradle/caches/modules-2/files-2.1/net.bytebuddy/byte-buddy/1.7.11/f02857a4e2c66ccbe7aaad6100a0a6c461bce9b3/byte-buddy-1.7.11.jar:/Users/rajanigandhakhot/.gradle/caches/modules-2/files-2.1/net.bytebuddy/byte-buddy-agent/1.7.11/b425a8933ca07edd03c6dbc8bc3b595fba9780de/byte-buddy-agent-1.7.11.jar:/Users/rajanigandhakhot/.gradle/caches/modules-2/files-2.1/org.objenesis/objenesis/2.6/639033469776fd37c08358c6b92a4761feb2af4b/objenesis-2.6.jar:/Users/rajanigandhakhot/.gradle/caches/modules-2/files-2.1/com.vaadin.external.google/android-json/0.0.20131108.vaadin1/fa26d351fe62a6a17f5cda1287c1c6110dec413f/android-json-0.0.20131108.vaadin1.jar:/Users/rajanigandhakhot/.gradle/caches/modules-2/files-2.1/org.springframework/spring-jcl/5.0.7.RELEASE/699016ddf454c2c167d9f84ae5777eccadf54728/spring-jcl-5.0.7.RELEASE.jar:/Users/rajanigandhakhot/.gradle/caches/modules-2/files-2.1/org.attoparser/attoparser/2.0.4.RELEASE/5cf02c4d8303a81f0c80971bb1dcd40d3ba96009/attoparser-2.0.4.RELEASE.jar:/Users/rajanigandhakhot/.gradle/caches/modules-2/files-2.1/org.unbescape/unbescape/1.1.5.RELEASE/46dc644ea9c234317d926ebac5bf5d8f114dc1ba/unbescape-1.1.5.RELEASE.jar:/Users/rajanigandhakhot/.gradle/caches/modules-2/files-2.1/com.fasterxml.jackson.core/jackson-core/2.9.6/4e393793c37c77e042ccc7be5a914ae39251b365/jackson-core-2.9.6.jar:/Users/rajanigandhakhot/.gradle/caches/modules-2/files-2.1/net.minidev/accessors-smart/1.2/c592b500269bfde36096641b01238a8350f8aa31/accessors-smart-1.2.jar:/Users/rajanigandhakhot/.gradle/caches/modules-2/files-2.1/ch.qos.logback/logback-core/1.2.3/864344400c3d4d92dfeb0a305dc87d953677c03c/logback-core-1.2.3.jar:/Users/rajanigandhakhot/.gradle/caches/modules-2/files-2.1/org.apache.logging.log4j/log4j-api/2.10.0/fec5797a55b786184a537abd39c3fa1449d752d6/log4j-api-2.10.0.jar:/Users/rajanigandhakhot/.gradle/caches/modules-2/files-2.1/org.ow2.asm/asm/5.0.4/da08b8cce7bbf903602a25a3a163ae252435795/asm-5.0.4.jar, user.name=rajanigandhakhot, java.vm.specification.version=1.8, sun.java.command=worker.org.gradle.process.internal.worker.GradleWorkerMain 'Gradle Test Executor 1', java.home=/Library/Java/JavaVirtualMachines/jdk1.8.0_131.jdk/Contents/Home/jre, sun.arch.data.model=64, user.language=en, java.specification.vendor=Oracle Corporation, awt.toolkit=sun.lwawt.macosx.LWCToolkit, java.vm.info=mixed mode, java.version=1.8.0_131, java.ext.dirs=/Users/rajanigandhakhot/Library/Java/Extensions:/Library/Java/JavaVirtualMachines/jdk1.8.0_131.jdk/Contents/Home/jre/lib/ext:/Library/Java/Extensions:/Network/Library/Java/Extensions:/System/Library/Java/Extensions:/usr/lib/java, sun.boot.class.path=/Library/Java/JavaVirtualMachines/jdk1.8.0_131.jdk/Contents/Home/jre/lib/resources.jar:/Library/Java/JavaVirtualMachines/jdk1.8.0_131.jdk/Contents/Home/jre/lib/rt.jar:/Library/Java/JavaVirtualMachines/jdk1.8.0_131.jdk/Contents/Home/jre/lib/sunrsasign.jar:/Library/Java/JavaVirtualMachines/jdk1.8.0_131.jdk/Contents/Home/jre/lib/jsse.jar:/Library/Java/JavaVirtualMachines/jdk1.8.0_131.jdk/Contents/Home/jre/lib/jce.jar:/Library/Java/JavaVirtualMachines/jdk1.8.0_131.jdk/Contents/Home/jre/lib/charsets.jar:/Library/Java/JavaVirtualMachines/jdk1.8.0_131.jdk/Contents/Home/jre/lib/jfr.jar:/Library/Java/JavaVirtualMachines/jdk1.8.0_131.jdk/Contents/Home/jre/classes, java.vendor=Oracle Corporation, org.gradle.test.worker=1, file.separator=/, java.vendor.url.bug=http://bugreport.sun.com/bugreport/, sun.io.unicode.encoding=UnicodeBig, sun.cpu.endian=little, socksNonProxyHosts=local|*.local|169.254/16|*.169.254/16, ftp.nonProxyHosts=local|*.local|169.254/16|*.169.254/16, sun.cpu.isalist=}}, SystemEnvironmentPropertySource@1929394369 {name='systemEnvironment', properties={PATH=/usr/bin:/bin:/usr/sbin:/sbin, JAVA_MAIN_CLASS_15621=worker.org.gradle.process.internal.worker.GradleWorkerMain, SHELL=/bin/bash, APP_ICON_11325=../Resources/Eclipse.icns, JAVA_STARTED_ON_FIRST_THREAD_11325=1, USER=rajanigandhakhot, TMPDIR=/var/folders/rd/zmtr0yj50n70rllx13798ftr0000gn/T/, SSH_AUTH_SOCK=/private/tmp/com.apple.launchd.eAxFygxG1T/Listeners, XPC_FLAGS=0x0, __CF_USER_TEXT_ENCODING=0x1F5:0x0:0x0, Apple_PubSub_Socket_Render=/private/tmp/com.apple.launchd.B4OQpK8o9a/Render, LOGNAME=rajanigandhakhot, XPC_SERVICE_NAME=org.eclipse.platform.ide.13204, HOME=/Users/rajanigandhakhot}}]
17:47:57.375 [Test worker] DEBUG org.springframework.test.context.support.TestPropertySourceUtils - Adding inlined properties to environment: {spring.jmx.enabled=false, org.springframework.boot.test.context.SpringBootTestContextBootstrapper=true, server.port=-1}
17:47:57.376 [Test worker] DEBUG org.springframework.core.env.StandardEnvironment - Adding PropertySource 'Inlined Test Properties' with highest search precedence

  .   ____          _            __ _ _
 /\\ / ___'_ __ _ _(_)_ __  __ _ \ \ \ \
( ( )\___ | '_ | '_| | '_ \/ _` | \ \ \ \
 \\/  ___)| |_)| | | | | || (_| |  ) ) ) )
  '  |____| .__|_| |_|_| |_\__, | / / / /
 =========|_|==============|___/=/_/_/_/
 :: Spring Boot ::        (v2.0.3.RELEASE)

29-11-2018 17:47:58.086 ?[35m[Test worker]?[0;39m ?[31mWARN ?[0;39m org.springframework.boot.test.json.DuplicateJsonObjectContextCustomizerFactory$DuplicateJsonObjectContextCustomizer.logDuplicateJsonObjectsWarning - 

Found multiple occurrences of org.json.JSONObject on the class path:

	jar:file:/Users/rajanigandhakhot/.gradle/caches/modules-2/files-2.1/org.json/json/20150729/7ad48f520e9f94787fdbf2beb9916c76971bdcb0/json-20150729.jar!/org/json/JSONObject.class
	jar:file:/Users/rajanigandhakhot/.gradle/caches/modules-2/files-2.1/com.vaadin.external.google/android-json/0.0.20131108.vaadin1/fa26d351fe62a6a17f5cda1287c1c6110dec413f/android-json-0.0.20131108.vaadin1.jar!/org/json/JSONObject.class

You may wish to exclude one of them to ensure predictable runtime behavior

29-11-2018 17:47:58.114 ?[35m[Test worker]?[0;39m ?[34mINFO ?[0;39m com.prodevans.DevOpsAssessmentTool.service.CheckEmail.logStarting - Starting CheckEmail on Rajanigandhas-MacBook-Air.local with PID 15621 (started by rajanigandhakhot in /Users/rajanigandhakhot/Desktop/devops_assessment_tool)
29-11-2018 17:47:58.117 ?[35m[Test worker]?[0;39m ?[34mINFO ?[0;39m com.prodevans.DevOpsAssessmentTool.service.CheckEmail.logStartupProfileInfo - No active profile set, falling back to default profiles: default
29-11-2018 17:47:58.162 ?[35m[Test worker]?[0;39m ?[34mINFO ?[0;39m org.springframework.web.context.support.GenericWebApplicationContext.prepareRefresh - Refreshing org.springframework.web.context.support.GenericWebApplicationContext@7b11aa34: startup date [Thu Nov 29 17:47:58 IST 2018]; root of context hierarchy
29-11-2018 17:48:01.083 ?[35m[Test worker]?[0;39m ?[34mINFO ?[0;39m org.springframework.context.support.PostProcessorRegistrationDelegate$BeanPostProcessorChecker.postProcessAfterInitialization - Bean 'org.springframework.transaction.annotation.ProxyTransactionManagementConfiguration' of type [org.springframework.transaction.annotation.ProxyTransactionManagementConfiguration$$EnhancerBySpringCGLIB$$35b94789] is not eligible for getting processed by all BeanPostProcessors (for example: not eligible for auto-proxying)
29-11-2018 17:48:01.179 ?[35m[Test worker]?[0;39m ?[34mINFO ?[0;39m org.springframework.context.support.PostProcessorRegistrationDelegate$BeanPostProcessorChecker.postProcessAfterInitialization - Bean 'org.springframework.security.config.annotation.configuration.ObjectPostProcessorConfiguration' of type [org.springframework.security.config.annotation.configuration.ObjectPostProcessorConfiguration$$EnhancerBySpringCGLIB$$ce670fc3] is not eligible for getting processed by all BeanPostProcessors (for example: not eligible for auto-proxying)
29-11-2018 17:48:01.200 ?[35m[Test worker]?[0;39m ?[34mINFO ?[0;39m org.springframework.context.support.PostProcessorRegistrationDelegate$BeanPostProcessorChecker.postProcessAfterInitialization - Bean 'objectPostProcessor' of type [org.springframework.security.config.annotation.configuration.AutowireBeanFactoryObjectPostProcessor] is not eligible for getting processed by all BeanPostProcessors (for example: not eligible for auto-proxying)
29-11-2018 17:48:01.204 ?[35m[Test worker]?[0;39m ?[34mINFO ?[0;39m org.springframework.context.support.PostProcessorRegistrationDelegate$BeanPostProcessorChecker.postProcessAfterInitialization - Bean 'org.springframework.security.access.expression.method.DefaultMethodSecurityExpressionHandler@6166c2f1' of type [org.springframework.security.access.expression.method.DefaultMethodSecurityExpressionHandler] is not eligible for getting processed by all BeanPostProcessors (for example: not eligible for auto-proxying)
29-11-2018 17:48:01.215 ?[35m[Test worker]?[0;39m ?[34mINFO ?[0;39m org.springframework.context.support.PostProcessorRegistrationDelegate$BeanPostProcessorChecker.postProcessAfterInitialization - Bean 'org.springframework.security.config.annotation.method.configuration.GlobalMethodSecurityConfiguration' of type [org.springframework.security.config.annotation.method.configuration.GlobalMethodSecurityConfiguration$$EnhancerBySpringCGLIB$$f33bb275] is not eligible for getting processed by all BeanPostProcessors (for example: not eligible for auto-proxying)
29-11-2018 17:48:01.265 ?[35m[Test worker]?[0;39m ?[34mINFO ?[0;39m org.springframework.context.support.PostProcessorRegistrationDelegate$BeanPostProcessorChecker.postProcessAfterInitialization - Bean 'methodSecurityMetadataSource' of type [org.springframework.security.access.method.DelegatingMethodSecurityMetadataSource] is not eligible for getting processed by all BeanPostProcessors (for example: not eligible for auto-proxying)
29-11-2018 17:48:01.802 ?[35m[Test worker]?[0;39m ?[34mINFO ?[0;39m com.zaxxer.hikari.HikariDataSource.getConnection - HikariPool-1 - Starting...
29-11-2018 17:48:02.793 ?[35m[Test worker]?[0;39m ?[34mINFO ?[0;39m com.zaxxer.hikari.HikariDataSource.getConnection - HikariPool-1 - Start completed.
29-11-2018 17:48:02.926 ?[35m[Test worker]?[0;39m ?[34mINFO ?[0;39m org.springframework.orm.jpa.LocalContainerEntityManagerFactoryBean.createNativeEntityManagerFactory - Building JPA container EntityManagerFactory for persistence unit 'default'
29-11-2018 17:48:03.087 ?[35m[Test worker]?[0;39m ?[34mINFO ?[0;39m org.hibernate.jpa.internal.util.LogHelper.logPersistenceUnitInformation - HHH000204: Processing PersistenceUnitInfo [
	name: default
	...]
29-11-2018 17:48:03.255 ?[35m[Test worker]?[0;39m ?[34mINFO ?[0;39m org.hibernate.Version.logVersion - HHH000412: Hibernate Core {5.2.17.Final}
29-11-2018 17:48:03.258 ?[35m[Test worker]?[0;39m ?[34mINFO ?[0;39m org.hibernate.cfg.Environment.<clinit> - HHH000206: hibernate.properties not found
29-11-2018 17:48:03.316 ?[35m[Test worker]?[0;39m ?[34mINFO ?[0;39m org.hibernate.annotations.common.Version.<clinit> - HCANN000001: Hibernate Commons Annotations {5.0.1.Final}
29-11-2018 17:48:03.561 ?[35m[Test worker]?[0;39m ?[34mINFO ?[0;39m org.hibernate.dialect.Dialect.<init> - HHH000400: Using dialect: org.hibernate.dialect.MySQL5Dialect
29-11-2018 17:48:04.927 ?[35m[Test worker]?[0;39m ?[34mINFO ?[0;39m org.springframework.orm.jpa.LocalContainerEntityManagerFactoryBean.buildNativeEntityManagerFactory - Initialized JPA EntityManagerFactory for persistence unit 'default'
29-11-2018 17:48:05.641 ?[35m[Test worker]?[0;39m ?[34mINFO ?[0;39m org.hibernate.hql.internal.QueryTranslatorFactoryInitiator.initiateService - HHH000397: Using ASTQueryTranslatorFactory
29-11-2018 17:48:07.054 ?[35m[Test worker]?[0;39m ?[31mWARN ?[0;39m org.springframework.boot.autoconfigure.orm.jpa.JpaBaseConfiguration$JpaWebConfiguration$JpaWebMvcConfiguration.openEntityManagerInViewInterceptor - spring.jpa.open-in-view is enabled by default. Therefore, database queries may be performed during view rendering. Explicitly configure spring.jpa.open-in-view to disable this warning
29-11-2018 17:48:07.530 ?[35m[Test worker]?[0;39m ?[34mINFO ?[0;39m org.springframework.web.servlet.mvc.method.annotation.RequestMappingHandlerMapping.register - Mapped "{[/api/users/{user_id}/assessments/{assessment_id}/result],methods=[GET]}" onto public java.util.List<com.prodevans.DevOpsAssessmentTool.assessment.result.AssessmentResult> com.prodevans.DevOpsAssessmentTool.assessment.AssessmentController.getResult(java.lang.Integer)
29-11-2018 17:48:07.532 ?[35m[Test worker]?[0;39m ?[34mINFO ?[0;39m org.springframework.web.servlet.mvc.method.annotation.RequestMappingHandlerMapping.register - Mapped "{[/api/users/{user_id}/assessments],methods=[POST]}" onto public org.springframework.http.ResponseEntity<?> com.prodevans.DevOpsAssessmentTool.assessment.AssessmentController.saveAssessment(com.prodevans.DevOpsAssessmentTool.assessment.AssessmentRequestWrapper,java.lang.Integer)
29-11-2018 17:48:07.534 ?[35m[Test worker]?[0;39m ?[34mINFO ?[0;39m org.springframework.web.servlet.mvc.method.annotation.RequestMappingHandlerMapping.register - Mapped "{[/api/users/{user_id}/assessments],methods=[GET]}" onto public java.util.List<com.prodevans.DevOpsAssessmentTool.assessment.AssessmentResponseWrapper> com.prodevans.DevOpsAssessmentTool.assessment.AssessmentController.getAssessmentByUserId(java.lang.Integer)
29-11-2018 17:48:07.535 ?[35m[Test worker]?[0;39m ?[34mINFO ?[0;39m org.springframework.web.servlet.mvc.method.annotation.RequestMappingHandlerMapping.register - Mapped "{[/api/users/{user_id}/assessments/{assessment_id}],methods=[GET]}" onto public org.springframework.http.ResponseEntity<com.prodevans.DevOpsAssessmentTool.assessment.AssessmentResponseWrapper> com.prodevans.DevOpsAssessmentTool.assessment.AssessmentController.getAssessment(int,int)
29-11-2018 17:48:07.537 ?[35m[Test worker]?[0;39m ?[34mINFO ?[0;39m org.springframework.web.servlet.mvc.method.annotation.RequestMappingHandlerMapping.register - Mapped "{[/api/users/{user_id}/assessments/{assessment_id}/categories/{category_id}/questions],methods=[PUT]}" onto public org.springframework.http.ResponseEntity<?> com.prodevans.DevOpsAssessmentTool.assessment.AssessmentController.saveAnswers(java.util.List<com.prodevans.DevOpsAssessmentTool.assessment.QuestionResponseWrapper>,int,int,int)
29-11-2018 17:48:07.538 ?[35m[Test worker]?[0;39m ?[34mINFO ?[0;39m org.springframework.web.servlet.mvc.method.annotation.RequestMappingHandlerMapping.register - Mapped "{[/api/users/{user_id}/assessments/{assessment_id}/categories/{category_id}/questions],methods=[GET]}" onto public java.util.List<com.prodevans.DevOpsAssessmentTool.assessment.QuestionResponseWrapper> com.prodevans.DevOpsAssessmentTool.assessment.AssessmentController.getAllAnsweredQuestion(int,int)
29-11-2018 17:48:07.541 ?[35m[Test worker]?[0;39m ?[34mINFO ?[0;39m org.springframework.web.servlet.mvc.method.annotation.RequestMappingHandlerMapping.register - Mapped "{[/api/users/{user_id}/assessments/{assessment_id}/submit],methods=[GET]}" onto public org.springframework.http.ResponseEntity<?> com.prodevans.DevOpsAssessmentTool.assessment.AssessmentController.submitAssessment(int,int)
29-11-2018 17:48:07.544 ?[35m[Test worker]?[0;39m ?[34mINFO ?[0;39m org.springframework.web.servlet.mvc.method.annotation.RequestMappingHandlerMapping.register - Mapped "{[/api/categories],methods=[GET]}" onto public java.util.List<com.prodevans.DevOpsAssessmentTool.category.QuestionCategory> com.prodevans.DevOpsAssessmentTool.category.CategoryController.getAllCategories()
29-11-2018 17:48:07.545 ?[35m[Test worker]?[0;39m ?[34mINFO ?[0;39m org.springframework.web.servlet.mvc.method.annotation.RequestMappingHandlerMapping.register - Mapped "{[/api/categories/{category_id}/questions],methods=[GET]}" onto public java.util.List<com.prodevans.DevOpsAssessmentTool.category.question.AssessmentQuestion> com.prodevans.DevOpsAssessmentTool.category.CategoryController.getAssessmentQuestionByCategoryId(int)
29-11-2018 17:48:07.547 ?[35m[Test worker]?[0;39m ?[34mINFO ?[0;39m org.springframework.web.servlet.mvc.method.annotation.RequestMappingHandlerMapping.register - Mapped "{[/logout],methods=[GET]}" onto public void com.prodevans.DevOpsAssessmentTool.home.HomeController.SimpleLogout(javax.servlet.http.HttpServletRequest) throws javax.servlet.ServletException
29-11-2018 17:48:07.552 ?[35m[Test worker]?[0;39m ?[34mINFO ?[0;39m org.springframework.web.servlet.mvc.method.annotation.RequestMappingHandlerMapping.register - Mapped "{[/api/verifyemail],methods=[GET]}" onto public org.springframework.http.ResponseEntity<java.lang.Object> com.prodevans.DevOpsAssessmentTool.user.UserContorller.verifyEmail(java.lang.String)
29-11-2018 17:48:07.553 ?[35m[Test worker]?[0;39m ?[34mINFO ?[0;39m org.springframework.web.servlet.mvc.method.annotation.RequestMappingHandlerMapping.register - Mapped "{[/api/companysize],methods=[GET]}" onto public java.util.List<com.prodevans.DevOpsAssessmentTool.user.companysize.CompanySize> com.prodevans.DevOpsAssessmentTool.user.UserContorller.getAllCompanySizes()
29-11-2018 17:48:07.554 ?[35m[Test worker]?[0;39m ?[34mINFO ?[0;39m org.springframework.web.servlet.mvc.method.annotation.RequestMappingHandlerMapping.register - Mapped "{[/api/users/{id}],methods=[GET]}" onto public org.springframework.hateoas.Resource<com.prodevans.DevOpsAssessmentTool.user.UserWrapper> com.prodevans.DevOpsAssessmentTool.user.UserContorller.getUser(int)
29-11-2018 17:48:07.556 ?[35m[Test worker]?[0;39m ?[34mINFO ?[0;39m org.springframework.web.servlet.mvc.method.annotation.RequestMappingHandlerMapping.register - Mapped "{[/api/users],methods=[GET]}" onto public java.util.List<com.prodevans.DevOpsAssessmentTool.user.User> com.prodevans.DevOpsAssessmentTool.user.UserContorller.getUsers()
29-11-2018 17:48:07.562 ?[35m[Test worker]?[0;39m ?[34mINFO ?[0;39m org.springframework.web.servlet.mvc.method.annotation.RequestMappingHandlerMapping.register - Mapped "{[/api/countries],methods=[GET]}" onto public java.util.List<com.prodevans.DevOpsAssessmentTool.user.country.Country> com.prodevans.DevOpsAssessmentTool.user.UserContorller.getAllCountries()
29-11-2018 17:48:07.563 ?[35m[Test worker]?[0;39m ?[34mINFO ?[0;39m org.springframework.web.servlet.mvc.method.annotation.RequestMappingHandlerMapping.register - Mapped "{[/api/register],methods=[POST]}" onto public org.springframework.http.ResponseEntity<java.lang.Object> com.prodevans.DevOpsAssessmentTool.user.UserContorller.saveUser(com.prodevans.DevOpsAssessmentTool.user.UserRequestWrapper)
29-11-2018 17:48:07.564 ?[35m[Test worker]?[0;39m ?[34mINFO ?[0;39m org.springframework.web.servlet.mvc.method.annotation.RequestMappingHandlerMapping.register - Mapped "{[/api/industries],methods=[GET]}" onto public java.util.List<com.prodevans.DevOpsAssessmentTool.user.industry.IndustryType> com.prodevans.DevOpsAssessmentTool.user.UserContorller.getAllIndustries()
29-11-2018 17:48:07.566 ?[35m[Test worker]?[0;39m ?[34mINFO ?[0;39m org.springframework.web.servlet.mvc.method.annotation.RequestMappingHandlerMapping.register - Mapped "{[/api/users/login/{email}],methods=[GET]}" onto public org.springframework.hateoas.Resource<com.prodevans.DevOpsAssessmentTool.user.UserWrapper> com.prodevans.DevOpsAssessmentTool.user.UserContorller.loginUser(java.lang.String)
29-11-2018 17:48:07.567 ?[35m[Test worker]?[0;39m ?[34mINFO ?[0;39m org.springframework.web.servlet.mvc.method.annotation.RequestMappingHandlerMapping.register - Mapped "{[/api/forgetpassword],methods=[POST]}" onto public org.springframework.http.ResponseEntity<?> com.prodevans.DevOpsAssessmentTool.user.UserContorller.forgetPassword(java.lang.String) throws org.json.JSONException
29-11-2018 17:48:07.569 ?[35m[Test worker]?[0;39m ?[34mINFO ?[0;39m org.springframework.web.servlet.mvc.method.annotation.RequestMappingHandlerMapping.register - Mapped "{[/api/forgetpassword],methods=[PUT]}" onto public org.springframework.http.ResponseEntity<java.lang.Object> com.prodevans.DevOpsAssessmentTool.user.UserContorller.updateUser(java.lang.String) throws org.json.JSONException
29-11-2018 17:48:07.572 ?[35m[Test worker]?[0;39m ?[34mINFO ?[0;39m org.springframework.web.servlet.mvc.method.annotation.RequestMappingHandlerMapping.register - Mapped "{[/v2/api-docs],methods=[GET],produces=[application/json || application/hal+json]}" onto public org.springframework.http.ResponseEntity<springfox.documentation.spring.web.json.Json> springfox.documentation.swagger2.web.Swagger2Controller.getDocumentation(java.lang.String,javax.servlet.http.HttpServletRequest)
29-11-2018 17:48:07.579 ?[35m[Test worker]?[0;39m ?[34mINFO ?[0;39m org.springframework.web.servlet.mvc.method.annotation.RequestMappingHandlerMapping.register - Mapped "{[/configuration/ui]}" onto org.springframework.http.ResponseEntity<springfox.documentation.swagger.web.UiConfiguration> springfox.documentation.swagger.web.ApiResourceController.uiConfiguration()
29-11-2018 17:48:07.581 ?[35m[Test worker]?[0;39m ?[34mINFO ?[0;39m org.springframework.web.servlet.mvc.method.annotation.RequestMappingHandlerMapping.register - Mapped "{[/configuration/security]}" onto org.springframework.http.ResponseEntity<springfox.documentation.swagger.web.SecurityConfiguration> springfox.documentation.swagger.web.ApiResourceController.securityConfiguration()
29-11-2018 17:48:07.583 ?[35m[Test worker]?[0;39m ?[34mINFO ?[0;39m org.springframework.web.servlet.mvc.method.annotation.RequestMappingHandlerMapping.register - Mapped "{[/swagger-resources]}" onto org.springframework.http.ResponseEntity<java.util.List<springfox.documentation.swagger.web.SwaggerResource>> springfox.documentation.swagger.web.ApiResourceController.swaggerResources()
29-11-2018 17:48:07.592 ?[35m[Test worker]?[0;39m ?[34mINFO ?[0;39m org.springframework.web.servlet.mvc.method.annotation.RequestMappingHandlerMapping.register - Mapped "{[/error]}" onto public org.springframework.http.ResponseEntity<java.util.Map<java.lang.String, java.lang.Object>> org.springframework.boot.autoconfigure.web.servlet.error.BasicErrorController.error(javax.servlet.http.HttpServletRequest)
29-11-2018 17:48:07.594 ?[35m[Test worker]?[0;39m ?[34mINFO ?[0;39m org.springframework.web.servlet.mvc.method.annotation.RequestMappingHandlerMapping.register - Mapped "{[/error],produces=[text/html]}" onto public org.springframework.web.servlet.ModelAndView org.springframework.boot.autoconfigure.web.servlet.error.BasicErrorController.errorHtml(javax.servlet.http.HttpServletRequest,javax.servlet.http.HttpServletResponse)
29-11-2018 17:48:08.022 ?[35m[Test worker]?[0;39m ?[34mINFO ?[0;39m org.springframework.security.web.DefaultSecurityFilterChain.<init> - Creating filter chain: Ant [pattern='/api/register'], []
29-11-2018 17:48:08.154 ?[35m[Test worker]?[0;39m ?[34mINFO ?[0;39m org.springframework.security.web.DefaultSecurityFilterChain.<init> - Creating filter chain: org.springframework.security.web.util.matcher.AnyRequestMatcher@1, [org.springframework.security.web.context.request.async.WebAsyncManagerIntegrationFilter@6ae0031e, org.springframework.security.web.context.SecurityContextPersistenceFilter@7fc744c3, org.springframework.security.web.header.HeaderWriterFilter@752b8ab2, org.springframework.security.web.authentication.logout.LogoutFilter@5e813627, org.springframework.security.web.authentication.www.BasicAuthenticationFilter@55f8bf38, org.springframework.security.web.savedrequest.RequestCacheAwareFilter@4d3129bb, org.springframework.security.web.servletapi.SecurityContextHolderAwareRequestFilter@5a30c6d8, org.springframework.security.web.authentication.AnonymousAuthenticationFilter@7a717005, org.springframework.security.web.session.SessionManagementFilter@63db4a26, org.springframework.security.web.access.ExceptionTranslationFilter@55b0485a, org.springframework.security.web.access.intercept.FilterSecurityInterceptor@566b3de3]
29-11-2018 17:48:08.615 ?[35m[Test worker]?[0;39m ?[34mINFO ?[0;39m org.springframework.web.servlet.handler.SimpleUrlHandlerMapping.registerHandler - Mapped URL path [/**/favicon.ico] onto handler of type [class org.springframework.web.servlet.resource.ResourceHttpRequestHandler]
29-11-2018 17:48:09.090 ?[35m[Test worker]?[0;39m ?[34mINFO ?[0;39m org.springframework.web.servlet.mvc.method.annotation.RequestMappingHandlerAdapter.initControllerAdviceCache - Looking for @ControllerAdvice: org.springframework.web.context.support.GenericWebApplicationContext@7b11aa34: startup date [Thu Nov 29 17:47:58 IST 2018]; root of context hierarchy
29-11-2018 17:48:09.218 ?[35m[Test worker]?[0;39m ?[34mINFO ?[0;39m org.springframework.web.servlet.handler.SimpleUrlHandlerMapping.registerHandler - Mapped URL path [/webjars/**] onto handler of type [class org.springframework.web.servlet.resource.ResourceHttpRequestHandler]
29-11-2018 17:48:09.219 ?[35m[Test worker]?[0;39m ?[34mINFO ?[0;39m org.springframework.web.servlet.handler.SimpleUrlHandlerMapping.registerHandler - Mapped URL path [/**] onto handler of type [class org.springframework.web.servlet.resource.ResourceHttpRequestHandler]
29-11-2018 17:48:09.371 ?[35m[Test worker]?[0;39m ?[31mWARN ?[0;39m org.thymeleaf.templatemode.TemplateMode.parse - [THYMELEAF][Test worker] Template Mode 'LEGACYHTML5' is deprecated. Using Template Mode 'HTML' instead.
29-11-2018 17:48:09.480 ?[35m[Test worker]?[0;39m ?[34mINFO ?[0;39m org.springframework.boot.autoconfigure.web.servlet.WelcomePageHandlerMapping.<init> - Adding welcome page: class path resource [static/index.html]
29-11-2018 17:48:10.081 ?[35m[Test worker]?[0;39m ?[34mINFO ?[0;39m springfox.documentation.spring.web.plugins.DocumentationPluginsBootstrapper.onApplicationEvent - Context refreshed
29-11-2018 17:48:10.113 ?[35m[Test worker]?[0;39m ?[34mINFO ?[0;39m springfox.documentation.spring.web.plugins.DocumentationPluginsBootstrapper.onApplicationEvent - Found 1 custom documentation plugin(s)
29-11-2018 17:48:10.129 ?[35m[Test worker]?[0;39m ?[34mINFO ?[0;39m springfox.documentation.spring.web.scanners.ApiListingReferenceScanner.scan - Scanning for api listing references
29-11-2018 17:48:10.571 ?[35m[Test worker]?[0;39m ?[34mINFO ?[0;39m com.prodevans.DevOpsAssessmentTool.service.CheckEmail.logStarted - Started CheckEmail in 13.174 seconds (JVM running for 15.115)
29-11-2018 17:48:10.658 ?[35m[Test worker]?[0;39m ?[34mINFO ?[0;39m org.springframework.test.context.transaction.TransactionContext.startTransaction - Began transaction (1) for test context [DefaultTestContext@4781e29a testClass = CheckEmail, testInstance = com.prodevans.DevOpsAssessmentTool.service.CheckEmail@287a45a, testMethod = verifyEmail@CheckEmail, testException = [null], mergedContextConfiguration = [WebMergedContextConfiguration@7e603a1b testClass = CheckEmail, locations = '{}', classes = '{class com.prodevans.DevOpsAssessmentTool.DevOpsAssessmentToolApplication}', contextInitializerClasses = '[]', activeProfiles = '{}', propertySourceLocations = '{}', propertySourceProperties = '{org.springframework.boot.test.context.SpringBootTestContextBootstrapper=true}', contextCustomizers = set[org.springframework.boot.test.autoconfigure.properties.PropertyMappingContextCustomizer@0, org.springframework.boot.test.autoconfigure.web.servlet.WebDriverContextCustomizerFactory$Customizer@67c965bc, org.springframework.boot.test.context.filter.ExcludeFilterContextCustomizer@3e40fa62, org.springframework.boot.test.json.DuplicateJsonObjectContextCustomizerFactory$DuplicateJsonObjectContextCustomizer@7a992351, org.springframework.boot.test.mock.mockito.MockitoContextCustomizer@0, org.springframework.boot.test.web.client.TestRestTemplateContextCustomizer@3e465b69], resourceBasePath = 'src/main/webapp', contextLoader = 'org.springframework.boot.test.context.SpringBootContextLoader', parent = [null]], attributes = map['org.springframework.test.context.web.ServletTestExecutionListener.activateListener' -> true, 'org.springframework.test.context.web.ServletTestExecutionListener.populatedRequestContextHolder' -> true, 'org.springframework.test.context.web.ServletTestExecutionListener.resetRequestContextHolder' -> true]]; transaction manager [org.springframework.orm.jpa.JpaTransactionManager@220c7ad5]; rollback [true]
Hibernate: 
    select
        companysiz0_.company_size_id as company_1_6_0_,
        companysiz0_.size as size2_6_0_ 
    from
        company_size companysiz0_ 
    where
        companysiz0_.company_size_id=?
Hibernate: 
    select
        country0_.country_id as country_1_7_0_,
        country0_.country_name as country_2_7_0_ 
    from
        country country0_ 
    where
        country0_.country_id=?
Hibernate: 
    select
        industryty0_.industry_type_id as industry1_8_0_,
        industryty0_.industry_name as industry2_8_0_ 
    from
        industry_type industryty0_ 
    where
        industryty0_.industry_type_id=?
Hibernate: 
    insert 
    into
        user
        (company_name, company_size_id, country_id, first_name, industry_type_id, last_name, reset_token, user_email, user_password) 
    values
        (?, ?, ?, ?, ?, ?, ?, ?, ?)
Hibernate: 
    select
        user0_.user_id as user_id1_13_,
        user0_.company_name as company_2_13_,
        user0_.company_size_id as company_8_13_,
        user0_.country_id as country_9_13_,
        user0_.first_name as first_na3_13_,
        user0_.industry_type_id as industr10_13_,
        user0_.last_name as last_nam4_13_,
        user0_.reset_token as reset_to5_13_,
        user0_.user_email as user_ema6_13_,
        user0_.user_password as user_pas7_13_ 
    from
        user user0_ 
    where
        user0_.user_email=?
29-11-2018 17:48:11.214 ?[35m[Test worker]?[0;39m ?[34mINFO ?[0;39m org.springframework.test.context.transaction.TransactionContext.endTransaction - Rolled back transaction for test: [DefaultTestContext@4781e29a testClass = CheckEmail, testInstance = com.prodevans.DevOpsAssessmentTool.service.CheckEmail@287a45a, testMethod = verifyEmail@CheckEmail, testException = [null], mergedContextConfiguration = [WebMergedContextConfiguration@7e603a1b testClass = CheckEmail, locations = '{}', classes = '{class com.prodevans.DevOpsAssessmentTool.DevOpsAssessmentToolApplication}', contextInitializerClasses = '[]', activeProfiles = '{}', propertySourceLocations = '{}', propertySourceProperties = '{org.springframework.boot.test.context.SpringBootTestContextBootstrapper=true}', contextCustomizers = set[org.springframework.boot.test.autoconfigure.properties.PropertyMappingContextCustomizer@0, org.springframework.boot.test.autoconfigure.web.servlet.WebDriverContextCustomizerFactory$Customizer@67c965bc, org.springframework.boot.test.context.filter.ExcludeFilterContextCustomizer@3e40fa62, org.springframework.boot.test.json.DuplicateJsonObjectContextCustomizerFactory$DuplicateJsonObjectContextCustomizer@7a992351, org.springframework.boot.test.mock.mockito.MockitoContextCustomizer@0, org.springframework.boot.test.web.client.TestRestTemplateContextCustomizer@3e465b69], resourceBasePath = 'src/main/webapp', contextLoader = 'org.springframework.boot.test.context.SpringBootContextLoader', parent = [null]], attributes = map['org.springframework.test.context.web.ServletTestExecutionListener.activateListener' -> true, 'org.springframework.test.context.web.ServletTestExecutionListener.populatedRequestContextHolder' -> true, 'org.springframework.test.context.web.ServletTestExecutionListener.resetRequestContextHolder' -> true]]
]]></system-out>
  <system-err><![CDATA[Thu Nov 29 17:48:02 IST 2018 WARN: Establishing SSL connection without server's identity verification is not recommended. According to MySQL 5.5.45+, 5.6.26+ and 5.7.6+ requirements SSL connection must be established by default if explicit option isn't set. For compliance with existing applications not using SSL the verifyServerCertificate property is set to 'false'. You need either to explicitly disable SSL by setting useSSL=false, or set useSSL=true and provide truststore for server certificate verification.
Thu Nov 29 17:48:02 IST 2018 WARN: Establishing SSL connection without server's identity verification is not recommended. According to MySQL 5.5.45+, 5.6.26+ and 5.7.6+ requirements SSL connection must be established by default if explicit option isn't set. For compliance with existing applications not using SSL the verifyServerCertificate property is set to 'false'. You need either to explicitly disable SSL by setting useSSL=false, or set useSSL=true and provide truststore for server certificate verification.
Thu Nov 29 17:48:02 IST 2018 WARN: Establishing SSL connection without server's identity verification is not recommended. According to MySQL 5.5.45+, 5.6.26+ and 5.7.6+ requirements SSL connection must be established by default if explicit option isn't set. For compliance with existing applications not using SSL the verifyServerCertificate property is set to 'false'. You need either to explicitly disable SSL by setting useSSL=false, or set useSSL=true and provide truststore for server certificate verification.
Thu Nov 29 17:48:02 IST 2018 WARN: Establishing SSL connection without server's identity verification is not recommended. According to MySQL 5.5.45+, 5.6.26+ and 5.7.6+ requirements SSL connection must be established by default if explicit option isn't set. For compliance with existing applications not using SSL the verifyServerCertificate property is set to 'false'. You need either to explicitly disable SSL by setting useSSL=false, or set useSSL=true and provide truststore for server certificate verification.
Thu Nov 29 17:48:02 IST 2018 WARN: Establishing SSL connection without server's identity verification is not recommended. According to MySQL 5.5.45+, 5.6.26+ and 5.7.6+ requirements SSL connection must be established by default if explicit option isn't set. For compliance with existing applications not using SSL the verifyServerCertificate property is set to 'false'. You need either to explicitly disable SSL by setting useSSL=false, or set useSSL=true and provide truststore for server certificate verification.
Thu Nov 29 17:48:02 IST 2018 WARN: Establishing SSL connection without server's identity verification is not recommended. According to MySQL 5.5.45+, 5.6.26+ and 5.7.6+ requirements SSL connection must be established by default if explicit option isn't set. For compliance with existing applications not using SSL the verifyServerCertificate property is set to 'false'. You need either to explicitly disable SSL by setting useSSL=false, or set useSSL=true and provide truststore for server certificate verification.
Thu Nov 29 17:48:03 IST 2018 WARN: Establishing SSL connection without server's identity verification is not recommended. According to MySQL 5.5.45+, 5.6.26+ and 5.7.6+ requirements SSL connection must be established by default if explicit option isn't set. For compliance with existing applications not using SSL the verifyServerCertificate property is set to 'false'. You need either to explicitly disable SSL by setting useSSL=false, or set useSSL=true and provide truststore for server certificate verification.
Thu Nov 29 17:48:03 IST 2018 WARN: Establishing SSL connection without server's identity verification is not recommended. According to MySQL 5.5.45+, 5.6.26+ and 5.7.6+ requirements SSL connection must be established by default if explicit option isn't set. For compliance with existing applications not using SSL the verifyServerCertificate property is set to 'false'. You need either to explicitly disable SSL by setting useSSL=false, or set useSSL=true and provide truststore for server certificate verification.
Thu Nov 29 17:48:03 IST 2018 WARN: Establishing SSL connection without server's identity verification is not recommended. According to MySQL 5.5.45+, 5.6.26+ and 5.7.6+ requirements SSL connection must be established by default if explicit option isn't set. For compliance with existing applications not using SSL the verifyServerCertificate property is set to 'false'. You need either to explicitly disable SSL by setting useSSL=false, or set useSSL=true and provide truststore for server certificate verification.
Thu Nov 29 17:48:03 IST 2018 WARN: Establishing SSL connection without server's identity verification is not recommended. According to MySQL 5.5.45+, 5.6.26+ and 5.7.6+ requirements SSL connection must be established by default if explicit option isn't set. For compliance with existing applications not using SSL the verifyServerCertificate property is set to 'false'. You need either to explicitly disable SSL by setting useSSL=false, or set useSSL=true and provide truststore for server certificate verification.
]]></system-err>
</testsuite>
