<?xml version="1.0" encoding="UTF-8"?>
<testsuite name="com.prodevans.DevOpsAssessmentTool.service.IndustryTypeTest" tests="1" skipped="0" failures="0" errors="0" timestamp="2018-11-29T12:18:11" hostname="Rajanigandhas-MacBook-Air.local" time="0.016">
  <properties/>
  <testcase name="getAllIndustries" classname="com.prodevans.DevOpsAssessmentTool.service.IndustryTypeTest" time="0.016"/>
  <system-out><![CDATA[29-11-2018 17:48:11.613 ?[35m[Test worker]?[0;39m ?[34mINFO ?[0;39m org.springframework.boot.test.context.SpringBootTestContextBootstrapper.buildDefaultMergedContextConfiguration - Neither @ContextConfiguration nor @ContextHierarchy found for test class [com.prodevans.DevOpsAssessmentTool.service.IndustryTypeTest], using SpringBootContextLoader
29-11-2018 17:48:11.615 ?[35m[Test worker]?[0;39m ?[34mINFO ?[0;39m org.springframework.test.context.support.AbstractContextLoader.generateDefaultLocations - Could not detect default resource locations for test class [com.prodevans.DevOpsAssessmentTool.service.IndustryTypeTest]: no resource found for suffixes {-context.xml, Context.groovy}.
29-11-2018 17:48:11.615 ?[35m[Test worker]?[0;39m ?[34mINFO ?[0;39m org.springframework.test.context.support.AnnotationConfigContextLoaderUtils.detectDefaultConfigurationClasses - Could not detect default configuration classes for test class [com.prodevans.DevOpsAssessmentTool.service.IndustryTypeTest]: IndustryTypeTest does not declare any static, non-private, non-final, nested classes annotated with @Configuration.
29-11-2018 17:48:11.618 ?[35m[Test worker]?[0;39m ?[34mINFO ?[0;39m org.springframework.boot.test.context.SpringBootTestContextBootstrapper.getOrFindConfigurationClasses - Found @SpringBootConfiguration com.prodevans.DevOpsAssessmentTool.DevOpsAssessmentToolApplication for test class com.prodevans.DevOpsAssessmentTool.service.IndustryTypeTest
29-11-2018 17:48:11.621 ?[35m[Test worker]?[0;39m ?[34mINFO ?[0;39m org.springframework.boot.test.context.SpringBootTestContextBootstrapper.getDefaultTestExecutionListenerClassNames - Loaded default TestExecutionListener class names from location [META-INF/spring.factories]: [org.springframework.boot.test.autoconfigure.restdocs.RestDocsTestExecutionListener, org.springframework.boot.test.autoconfigure.web.client.MockRestServiceServerResetTestExecutionListener, org.springframework.boot.test.autoconfigure.web.servlet.MockMvcPrintOnlyOnFailureTestExecutionListener, org.springframework.boot.test.autoconfigure.web.servlet.WebDriverTestExecutionListener, org.springframework.boot.test.mock.mockito.MockitoTestExecutionListener, org.springframework.boot.test.mock.mockito.ResetMocksTestExecutionListener, org.springframework.test.context.web.ServletTestExecutionListener, org.springframework.test.context.support.DirtiesContextBeforeModesTestExecutionListener, org.springframework.test.context.support.DependencyInjectionTestExecutionListener, org.springframework.test.context.support.DirtiesContextTestExecutionListener, org.springframework.test.context.transaction.TransactionalTestExecutionListener, org.springframework.test.context.jdbc.SqlScriptsTestExecutionListener]
29-11-2018 17:48:11.621 ?[35m[Test worker]?[0;39m ?[34mINFO ?[0;39m org.springframework.boot.test.context.SpringBootTestContextBootstrapper.getTestExecutionListeners - Using TestExecutionListeners: [org.springframework.test.context.web.ServletTestExecutionListener@77c619fe, org.springframework.test.context.support.DirtiesContextBeforeModesTestExecutionListener@25693725, org.springframework.boot.test.mock.mockito.MockitoTestExecutionListener@7a6104c9, org.springframework.boot.test.autoconfigure.SpringBootDependencyInjectionTestExecutionListener@577f7457, org.springframework.test.context.support.DirtiesContextTestExecutionListener@10b18eaf, org.springframework.test.context.transaction.TransactionalTestExecutionListener@7c8d4383, org.springframework.test.context.jdbc.SqlScriptsTestExecutionListener@e385797, org.springframework.boot.test.autoconfigure.restdocs.RestDocsTestExecutionListener@22c947cb, org.springframework.boot.test.autoconfigure.web.client.MockRestServiceServerResetTestExecutionListener@3e9171cb, org.springframework.boot.test.autoconfigure.web.servlet.MockMvcPrintOnlyOnFailureTestExecutionListener@2896acc1, org.springframework.boot.test.autoconfigure.web.servlet.WebDriverTestExecutionListener@64dec2ab, org.springframework.boot.test.mock.mockito.ResetMocksTestExecutionListener@c4136e4]
29-11-2018 17:48:11.635 ?[35m[Test worker]?[0;39m ?[34mINFO ?[0;39m org.springframework.test.context.transaction.TransactionContext.startTransaction - Began transaction (1) for test context [DefaultTestContext@33ace15e testClass = IndustryTypeTest, testInstance = com.prodevans.DevOpsAssessmentTool.service.IndustryTypeTest@52aa71c4, testMethod = getAllIndustries@IndustryTypeTest, testException = [null], mergedContextConfiguration = [WebMergedContextConfiguration@442c8935 testClass = IndustryTypeTest, locations = '{}', classes = '{class com.prodevans.DevOpsAssessmentTool.DevOpsAssessmentToolApplication}', contextInitializerClasses = '[]', activeProfiles = '{}', propertySourceLocations = '{}', propertySourceProperties = '{org.springframework.boot.test.context.SpringBootTestContextBootstrapper=true}', contextCustomizers = set[org.springframework.boot.test.autoconfigure.properties.PropertyMappingContextCustomizer@0, org.springframework.boot.test.autoconfigure.web.servlet.WebDriverContextCustomizerFactory$Customizer@67c965bc, org.springframework.boot.test.context.filter.ExcludeFilterContextCustomizer@3e40fa62, org.springframework.boot.test.json.DuplicateJsonObjectContextCustomizerFactory$DuplicateJsonObjectContextCustomizer@7a992351, org.springframework.boot.test.mock.mockito.MockitoContextCustomizer@0, org.springframework.boot.test.web.client.TestRestTemplateContextCustomizer@3e465b69], resourceBasePath = 'src/main/webapp', contextLoader = 'org.springframework.boot.test.context.SpringBootContextLoader', parent = [null]], attributes = map['org.springframework.test.context.web.ServletTestExecutionListener.activateListener' -> true, 'org.springframework.test.context.web.ServletTestExecutionListener.populatedRequestContextHolder' -> true, 'org.springframework.test.context.web.ServletTestExecutionListener.resetRequestContextHolder' -> true]]; transaction manager [org.springframework.orm.jpa.JpaTransactionManager@220c7ad5]; rollback [true]
Hibernate: 
    select
        industryty0_.industry_type_id as industry1_8_,
        industryty0_.industry_name as industry2_8_ 
    from
        industry_type industryty0_
29-11-2018 17:48:11.649 ?[35m[Test worker]?[0;39m ?[34mINFO ?[0;39m org.springframework.test.context.transaction.TransactionContext.endTransaction - Rolled back transaction for test: [DefaultTestContext@33ace15e testClass = IndustryTypeTest, testInstance = com.prodevans.DevOpsAssessmentTool.service.IndustryTypeTest@52aa71c4, testMethod = getAllIndustries@IndustryTypeTest, testException = [null], mergedContextConfiguration = [WebMergedContextConfiguration@442c8935 testClass = IndustryTypeTest, locations = '{}', classes = '{class com.prodevans.DevOpsAssessmentTool.DevOpsAssessmentToolApplication}', contextInitializerClasses = '[]', activeProfiles = '{}', propertySourceLocations = '{}', propertySourceProperties = '{org.springframework.boot.test.context.SpringBootTestContextBootstrapper=true}', contextCustomizers = set[org.springframework.boot.test.autoconfigure.properties.PropertyMappingContextCustomizer@0, org.springframework.boot.test.autoconfigure.web.servlet.WebDriverContextCustomizerFactory$Customizer@67c965bc, org.springframework.boot.test.context.filter.ExcludeFilterContextCustomizer@3e40fa62, org.springframework.boot.test.json.DuplicateJsonObjectContextCustomizerFactory$DuplicateJsonObjectContextCustomizer@7a992351, org.springframework.boot.test.mock.mockito.MockitoContextCustomizer@0, org.springframework.boot.test.web.client.TestRestTemplateContextCustomizer@3e465b69], resourceBasePath = 'src/main/webapp', contextLoader = 'org.springframework.boot.test.context.SpringBootContextLoader', parent = [null]], attributes = map['org.springframework.test.context.web.ServletTestExecutionListener.activateListener' -> true, 'org.springframework.test.context.web.ServletTestExecutionListener.populatedRequestContextHolder' -> true, 'org.springframework.test.context.web.ServletTestExecutionListener.resetRequestContextHolder' -> true]]
]]></system-out>
  <system-err><![CDATA[]]></system-err>
</testsuite>
