<?xml version="1.0" encoding="UTF-8"?>
<testsuite name="com.prodevans.DevOpsAssessmentTool.service.CompanySizeTest" tests="1" skipped="0" failures="0" errors="0" timestamp="2018-11-29T12:18:11" hostname="Rajanigandhas-MacBook-Air.local" time="0.07">
  <properties/>
  <testcase name="checkCompanySize" classname="com.prodevans.DevOpsAssessmentTool.service.CompanySizeTest" time="0.07"/>
  <system-out><![CDATA[29-11-2018 17:48:11.219 ?[35m[Test worker]?[0;39m ?[34mINFO ?[0;39m org.springframework.boot.test.context.SpringBootTestContextBootstrapper.buildDefaultMergedContextConfiguration - Neither @ContextConfiguration nor @ContextHierarchy found for test class [com.prodevans.DevOpsAssessmentTool.service.CompanySizeTest], using SpringBootContextLoader
29-11-2018 17:48:11.220 ?[35m[Test worker]?[0;39m ?[34mINFO ?[0;39m org.springframework.test.context.support.AbstractContextLoader.generateDefaultLocations - Could not detect default resource locations for test class [com.prodevans.DevOpsAssessmentTool.service.CompanySizeTest]: no resource found for suffixes {-context.xml, Context.groovy}.
29-11-2018 17:48:11.224 ?[35m[Test worker]?[0;39m ?[34mINFO ?[0;39m org.springframework.test.context.support.AnnotationConfigContextLoaderUtils.detectDefaultConfigurationClasses - Could not detect default configuration classes for test class [com.prodevans.DevOpsAssessmentTool.service.CompanySizeTest]: CompanySizeTest does not declare any static, non-private, non-final, nested classes annotated with @Configuration.
29-11-2018 17:48:11.230 ?[35m[Test worker]?[0;39m ?[34mINFO ?[0;39m org.springframework.boot.test.context.SpringBootTestContextBootstrapper.getOrFindConfigurationClasses - Found @SpringBootConfiguration com.prodevans.DevOpsAssessmentTool.DevOpsAssessmentToolApplication for test class com.prodevans.DevOpsAssessmentTool.service.CompanySizeTest
29-11-2018 17:48:11.234 ?[35m[Test worker]?[0;39m ?[34mINFO ?[0;39m org.springframework.boot.test.context.SpringBootTestContextBootstrapper.getDefaultTestExecutionListenerClassNames - Loaded default TestExecutionListener class names from location [META-INF/spring.factories]: [org.springframework.boot.test.autoconfigure.restdocs.RestDocsTestExecutionListener, org.springframework.boot.test.autoconfigure.web.client.MockRestServiceServerResetTestExecutionListener, org.springframework.boot.test.autoconfigure.web.servlet.MockMvcPrintOnlyOnFailureTestExecutionListener, org.springframework.boot.test.autoconfigure.web.servlet.WebDriverTestExecutionListener, org.springframework.boot.test.mock.mockito.MockitoTestExecutionListener, org.springframework.boot.test.mock.mockito.ResetMocksTestExecutionListener, org.springframework.test.context.web.ServletTestExecutionListener, org.springframework.test.context.support.DirtiesContextBeforeModesTestExecutionListener, org.springframework.test.context.support.DependencyInjectionTestExecutionListener, org.springframework.test.context.support.DirtiesContextTestExecutionListener, org.springframework.test.context.transaction.TransactionalTestExecutionListener, org.springframework.test.context.jdbc.SqlScriptsTestExecutionListener]
29-11-2018 17:48:11.236 ?[35m[Test worker]?[0;39m ?[34mINFO ?[0;39m org.springframework.boot.test.context.SpringBootTestContextBootstrapper.getTestExecutionListeners - Using TestExecutionListeners: [org.springframework.test.context.web.ServletTestExecutionListener@33d24fe9, org.springframework.test.context.support.DirtiesContextBeforeModesTestExecutionListener@7b29e81d, org.springframework.boot.test.mock.mockito.MockitoTestExecutionListener@70ad9be1, org.springframework.boot.test.autoconfigure.SpringBootDependencyInjectionTestExecutionListener@591cbd98, org.springframework.test.context.support.DirtiesContextTestExecutionListener@78900c55, org.springframework.test.context.transaction.TransactionalTestExecutionListener@4ccd7a5a, org.springframework.test.context.jdbc.SqlScriptsTestExecutionListener@502382b1, org.springframework.boot.test.autoconfigure.restdocs.RestDocsTestExecutionListener@6cef0550, org.springframework.boot.test.autoconfigure.web.client.MockRestServiceServerResetTestExecutionListener@14655e3c, org.springframework.boot.test.autoconfigure.web.servlet.MockMvcPrintOnlyOnFailureTestExecutionListener@33dde940, org.springframework.boot.test.autoconfigure.web.servlet.WebDriverTestExecutionListener@7fa7c380, org.springframework.boot.test.mock.mockito.ResetMocksTestExecutionListener@6b769ca1]
29-11-2018 17:48:11.257 ?[35m[Test worker]?[0;39m ?[34mINFO ?[0;39m org.springframework.test.context.transaction.TransactionContext.startTransaction - Began transaction (1) for test context [DefaultTestContext@3534b997 testClass = CompanySizeTest, testInstance = com.prodevans.DevOpsAssessmentTool.service.CompanySizeTest@2fcfc6af, testMethod = checkCompanySize@CompanySizeTest, testException = [null], mergedContextConfiguration = [WebMergedContextConfiguration@373ba025 testClass = CompanySizeTest, locations = '{}', classes = '{class com.prodevans.DevOpsAssessmentTool.DevOpsAssessmentToolApplication}', contextInitializerClasses = '[]', activeProfiles = '{}', propertySourceLocations = '{}', propertySourceProperties = '{org.springframework.boot.test.context.SpringBootTestContextBootstrapper=true}', contextCustomizers = set[org.springframework.boot.test.autoconfigure.properties.PropertyMappingContextCustomizer@0, org.springframework.boot.test.autoconfigure.web.servlet.WebDriverContextCustomizerFactory$Customizer@67c965bc, org.springframework.boot.test.context.filter.ExcludeFilterContextCustomizer@3e40fa62, org.springframework.boot.test.json.DuplicateJsonObjectContextCustomizerFactory$DuplicateJsonObjectContextCustomizer@7a992351, org.springframework.boot.test.mock.mockito.MockitoContextCustomizer@0, org.springframework.boot.test.web.client.TestRestTemplateContextCustomizer@3e465b69], resourceBasePath = 'src/main/webapp', contextLoader = 'org.springframework.boot.test.context.SpringBootContextLoader', parent = [null]], attributes = map['org.springframework.test.context.web.ServletTestExecutionListener.activateListener' -> true, 'org.springframework.test.context.web.ServletTestExecutionListener.populatedRequestContextHolder' -> true, 'org.springframework.test.context.web.ServletTestExecutionListener.resetRequestContextHolder' -> true]]; transaction manager [org.springframework.orm.jpa.JpaTransactionManager@220c7ad5]; rollback [true]
Hibernate: 
    select
        companysiz0_.company_size_id as company_1_6_,
        companysiz0_.size as size2_6_ 
    from
        company_size companysiz0_
29-11-2018 17:48:11.321 ?[35m[Test worker]?[0;39m ?[34mINFO ?[0;39m org.springframework.test.context.transaction.TransactionContext.endTransaction - Rolled back transaction for test: [DefaultTestContext@3534b997 testClass = CompanySizeTest, testInstance = com.prodevans.DevOpsAssessmentTool.service.CompanySizeTest@2fcfc6af, testMethod = checkCompanySize@CompanySizeTest, testException = [null], mergedContextConfiguration = [WebMergedContextConfiguration@373ba025 testClass = CompanySizeTest, locations = '{}', classes = '{class com.prodevans.DevOpsAssessmentTool.DevOpsAssessmentToolApplication}', contextInitializerClasses = '[]', activeProfiles = '{}', propertySourceLocations = '{}', propertySourceProperties = '{org.springframework.boot.test.context.SpringBootTestContextBootstrapper=true}', contextCustomizers = set[org.springframework.boot.test.autoconfigure.properties.PropertyMappingContextCustomizer@0, org.springframework.boot.test.autoconfigure.web.servlet.WebDriverContextCustomizerFactory$Customizer@67c965bc, org.springframework.boot.test.context.filter.ExcludeFilterContextCustomizer@3e40fa62, org.springframework.boot.test.json.DuplicateJsonObjectContextCustomizerFactory$DuplicateJsonObjectContextCustomizer@7a992351, org.springframework.boot.test.mock.mockito.MockitoContextCustomizer@0, org.springframework.boot.test.web.client.TestRestTemplateContextCustomizer@3e465b69], resourceBasePath = 'src/main/webapp', contextLoader = 'org.springframework.boot.test.context.SpringBootContextLoader', parent = [null]], attributes = map['org.springframework.test.context.web.ServletTestExecutionListener.activateListener' -> true, 'org.springframework.test.context.web.ServletTestExecutionListener.populatedRequestContextHolder' -> true, 'org.springframework.test.context.web.ServletTestExecutionListener.resetRequestContextHolder' -> true]]
]]></system-out>
  <system-err><![CDATA[]]></system-err>
</testsuite>
