<?xml version="1.0" encoding="UTF-8"?>
<testsuite name="com.prodevans.DevOpsAssessmentTool.service.CountryTest" tests="1" skipped="0" failures="0" errors="0" timestamp="2018-11-29T12:18:11" hostname="Rajanigandhas-MacBook-Air.local" time="0.027">
  <properties/>
  <testcase name="checkCountry" classname="com.prodevans.DevOpsAssessmentTool.service.CountryTest" time="0.027"/>
  <system-out><![CDATA[29-11-2018 17:48:11.326 ?[35m[Test worker]?[0;39m ?[34mINFO ?[0;39m org.springframework.boot.test.context.SpringBootTestContextBootstrapper.buildDefaultMergedContextConfiguration - Neither @ContextConfiguration nor @ContextHierarchy found for test class [com.prodevans.DevOpsAssessmentTool.service.CountryTest], using SpringBootContextLoader
29-11-2018 17:48:11.328 ?[35m[Test worker]?[0;39m ?[34mINFO ?[0;39m org.springframework.test.context.support.AbstractContextLoader.generateDefaultLocations - Could not detect default resource locations for test class [com.prodevans.DevOpsAssessmentTool.service.CountryTest]: no resource found for suffixes {-context.xml, Context.groovy}.
29-11-2018 17:48:11.329 ?[35m[Test worker]?[0;39m ?[34mINFO ?[0;39m org.springframework.test.context.support.AnnotationConfigContextLoaderUtils.detectDefaultConfigurationClasses - Could not detect default configuration classes for test class [com.prodevans.DevOpsAssessmentTool.service.CountryTest]: CountryTest does not declare any static, non-private, non-final, nested classes annotated with @Configuration.
29-11-2018 17:48:11.331 ?[35m[Test worker]?[0;39m ?[34mINFO ?[0;39m org.springframework.boot.test.context.SpringBootTestContextBootstrapper.getOrFindConfigurationClasses - Found @SpringBootConfiguration com.prodevans.DevOpsAssessmentTool.DevOpsAssessmentToolApplication for test class com.prodevans.DevOpsAssessmentTool.service.CountryTest
29-11-2018 17:48:11.335 ?[35m[Test worker]?[0;39m ?[34mINFO ?[0;39m org.springframework.boot.test.context.SpringBootTestContextBootstrapper.getDefaultTestExecutionListenerClassNames - Loaded default TestExecutionListener class names from location [META-INF/spring.factories]: [org.springframework.boot.test.autoconfigure.restdocs.RestDocsTestExecutionListener, org.springframework.boot.test.autoconfigure.web.client.MockRestServiceServerResetTestExecutionListener, org.springframework.boot.test.autoconfigure.web.servlet.MockMvcPrintOnlyOnFailureTestExecutionListener, org.springframework.boot.test.autoconfigure.web.servlet.WebDriverTestExecutionListener, org.springframework.boot.test.mock.mockito.MockitoTestExecutionListener, org.springframework.boot.test.mock.mockito.ResetMocksTestExecutionListener, org.springframework.test.context.web.ServletTestExecutionListener, org.springframework.test.context.support.DirtiesContextBeforeModesTestExecutionListener, org.springframework.test.context.support.DependencyInjectionTestExecutionListener, org.springframework.test.context.support.DirtiesContextTestExecutionListener, org.springframework.test.context.transaction.TransactionalTestExecutionListener, org.springframework.test.context.jdbc.SqlScriptsTestExecutionListener]
29-11-2018 17:48:11.336 ?[35m[Test worker]?[0;39m ?[34mINFO ?[0;39m org.springframework.boot.test.context.SpringBootTestContextBootstrapper.getTestExecutionListeners - Using TestExecutionListeners: [org.springframework.test.context.web.ServletTestExecutionListener@578f432, org.springframework.test.context.support.DirtiesContextBeforeModesTestExecutionListener@76ce5abb, org.springframework.boot.test.mock.mockito.MockitoTestExecutionListener@62396b02, org.springframework.boot.test.autoconfigure.SpringBootDependencyInjectionTestExecutionListener@4cc230ab, org.springframework.test.context.support.DirtiesContextTestExecutionListener@e599465, org.springframework.test.context.transaction.TransactionalTestExecutionListener@ac61c97, org.springframework.test.context.jdbc.SqlScriptsTestExecutionListener@230e07b6, org.springframework.boot.test.autoconfigure.restdocs.RestDocsTestExecutionListener@7e943c14, org.springframework.boot.test.autoconfigure.web.client.MockRestServiceServerResetTestExecutionListener@3c2c751f, org.springframework.boot.test.autoconfigure.web.servlet.MockMvcPrintOnlyOnFailureTestExecutionListener@634f4a9, org.springframework.boot.test.autoconfigure.web.servlet.WebDriverTestExecutionListener@55d4706e, org.springframework.boot.test.mock.mockito.ResetMocksTestExecutionListener@a7f825c]
29-11-2018 17:48:11.350 ?[35m[Test worker]?[0;39m ?[34mINFO ?[0;39m org.springframework.test.context.transaction.TransactionContext.startTransaction - Began transaction (1) for test context [DefaultTestContext@742efbb4 testClass = CountryTest, testInstance = com.prodevans.DevOpsAssessmentTool.service.CountryTest@5af8732, testMethod = checkCountry@CountryTest, testException = [null], mergedContextConfiguration = [WebMergedContextConfiguration@5403d70a testClass = CountryTest, locations = '{}', classes = '{class com.prodevans.DevOpsAssessmentTool.DevOpsAssessmentToolApplication}', contextInitializerClasses = '[]', activeProfiles = '{}', propertySourceLocations = '{}', propertySourceProperties = '{org.springframework.boot.test.context.SpringBootTestContextBootstrapper=true}', contextCustomizers = set[org.springframework.boot.test.autoconfigure.properties.PropertyMappingContextCustomizer@0, org.springframework.boot.test.autoconfigure.web.servlet.WebDriverContextCustomizerFactory$Customizer@67c965bc, org.springframework.boot.test.context.filter.ExcludeFilterContextCustomizer@3e40fa62, org.springframework.boot.test.json.DuplicateJsonObjectContextCustomizerFactory$DuplicateJsonObjectContextCustomizer@7a992351, org.springframework.boot.test.mock.mockito.MockitoContextCustomizer@0, org.springframework.boot.test.web.client.TestRestTemplateContextCustomizer@3e465b69], resourceBasePath = 'src/main/webapp', contextLoader = 'org.springframework.boot.test.context.SpringBootContextLoader', parent = [null]], attributes = map['org.springframework.test.context.web.ServletTestExecutionListener.activateListener' -> true, 'org.springframework.test.context.web.ServletTestExecutionListener.populatedRequestContextHolder' -> true, 'org.springframework.test.context.web.ServletTestExecutionListener.resetRequestContextHolder' -> true]]; transaction manager [org.springframework.orm.jpa.JpaTransactionManager@220c7ad5]; rollback [true]
Hibernate: 
    select
        country0_.country_id as country_1_7_,
        country0_.country_name as country_2_7_ 
    from
        country country0_
29-11-2018 17:48:11.374 ?[35m[Test worker]?[0;39m ?[34mINFO ?[0;39m org.springframework.test.context.transaction.TransactionContext.endTransaction - Rolled back transaction for test: [DefaultTestContext@742efbb4 testClass = CountryTest, testInstance = com.prodevans.DevOpsAssessmentTool.service.CountryTest@5af8732, testMethod = checkCountry@CountryTest, testException = [null], mergedContextConfiguration = [WebMergedContextConfiguration@5403d70a testClass = CountryTest, locations = '{}', classes = '{class com.prodevans.DevOpsAssessmentTool.DevOpsAssessmentToolApplication}', contextInitializerClasses = '[]', activeProfiles = '{}', propertySourceLocations = '{}', propertySourceProperties = '{org.springframework.boot.test.context.SpringBootTestContextBootstrapper=true}', contextCustomizers = set[org.springframework.boot.test.autoconfigure.properties.PropertyMappingContextCustomizer@0, org.springframework.boot.test.autoconfigure.web.servlet.WebDriverContextCustomizerFactory$Customizer@67c965bc, org.springframework.boot.test.context.filter.ExcludeFilterContextCustomizer@3e40fa62, org.springframework.boot.test.json.DuplicateJsonObjectContextCustomizerFactory$DuplicateJsonObjectContextCustomizer@7a992351, org.springframework.boot.test.mock.mockito.MockitoContextCustomizer@0, org.springframework.boot.test.web.client.TestRestTemplateContextCustomizer@3e465b69], resourceBasePath = 'src/main/webapp', contextLoader = 'org.springframework.boot.test.context.SpringBootContextLoader', parent = [null]], attributes = map['org.springframework.test.context.web.ServletTestExecutionListener.activateListener' -> true, 'org.springframework.test.context.web.ServletTestExecutionListener.populatedRequestContextHolder' -> true, 'org.springframework.test.context.web.ServletTestExecutionListener.resetRequestContextHolder' -> true]]
]]></system-out>
  <system-err><![CDATA[]]></system-err>
</testsuite>
