<?xml version="1.0" encoding="UTF-8"?>
<!-- Generated by org.testng.reporters.JUnitReportReporter -->
<testsuite skipped="1" hostname="Rajanikants-MacBook-Air.local" name="com.prodevans.DevOpsAssessmentTool.service.UserRegistration" tests="1" failures="0" timestamp="08 Aug 2018 09:37:02 GMT" time="0.003" errors="0">
  <testcase name="saveUser" time="0.003" classname="com.prodevans.DevOpsAssessmentTool.service.UserRegistration">
    <skipped/>
  </testcase> <!-- saveUser -->
</testsuite> <!-- com.prodevans.DevOpsAssessmentTool.service.UserRegistration -->
